[ 2014-01-09T20:40:49+08:00 ] ERR: (ThinkException) 无法加载模块:Favicon
[ 2014-01-09T20:41:51+08:00 ] ERR: (ThinkException) 无法加载模块:Favicon
[ 2014-01-09T20:42:12+08:00 ] ERR: (ThinkException) 无法加载模块:Favicon
[ 2014-01-09T20:42:29+08:00 ] ERR: (ThinkException) 无法加载模块:Favicon
[ 2014-01-09T20:43:28+08:00 ] ERR: (ThinkException) 无法加载模块:Favicon
[ 2014-01-09T20:44:28+08:00 ] ERR: (ThinkException) 无法加载模块:Favicon
[ 2014-01-09T20:47:33+08:00 ] ERR: (ThinkException) 无法加载模块:Favicon
[ 2014-01-09T20:48:19+08:00 ] ERR: (ThinkException) 无法加载模块:Favicon
[ 2014-01-09T21:01:08+08:00 ] ERR: (ThinkException) 无法加载模块:Favicon
[ 2014-01-09T21:02:00+08:00 ] ERR: (ThinkException) 无法加载模块:Favicon
[ 2014-01-09T21:02:42+08:00 ] ERR: (ThinkException) 无法加载模块:Favicon
[ 2014-01-09T21:03:42+08:00 ] ERR: (ThinkException) 无法加载模块:Favicon
[ 2014-01-09T21:04:50+08:00 ] ERR: (ThinkException) 无法加载模块:Favicon
[ 2014-01-09T21:05:53+08:00 ] ERR: (ThinkException) 无法加载模块:Favicon
[ 2014-01-09T21:08:33+08:00 ] ERR: (ThinkException) 无法加载模块:Favicon
[ 2014-01-09T21:09:07+08:00 ] ERR: (ThinkException) 无法加载模块:Favicon
[ 2014-01-09T21:09:20+08:00 ] ERR: (ThinkException) 无法加载模块:Favicon
[ 2014-01-09T21:09:46+08:00 ] ERR: (ThinkException) 无法加载模块:Favicon
[ 2014-01-09T21:36:47+08:00 ] ERR: (ThinkException) 无法加载模块:Favicon
[ 2014-01-09T21:37:02+08:00 ] ERR: (ThinkException) 无法加载模块:Favicon
[ 2014-01-09T21:37:21+08:00 ] ERR: (ThinkException) 无法加载模块:Favicon
[ 2014-01-09T21:39:16+08:00 ] ERR: (ThinkException) 无法加载模块:Favicon
[ 2014-01-09T21:39:27+08:00 ] ERR: (ThinkException) 无法加载模块:Favicon
[ 2014-01-09T23:10:12+08:00 ] ERR: (ThinkException) 无法加载模块:Pumps-listShoes-online-shop-uk
[ 2014-01-09T23:10:13+08:00 ] ERR: (ThinkException) 无法加载模块:Favicon
[ 2014-01-09T23:10:32+08:00 ] ERR: (ThinkException) 无法加载模块:Favicon
[ 2014-01-09T23:10:55+08:00 ] ERR: (ThinkException) 无法加载模块:Favicon
[ 2014-01-09T23:11:15+08:00 ] ERR: (ThinkException) 无法加载模块:Favicon
[ 2014-01-09T23:11:45+08:00 ] ERR: (ThinkException) 无法加载模块:Q
[ 2014-01-09T23:11:45+08:00 ] ERR: (ThinkException) 无法加载模块:Favicon
[ 2014-01-09T23:11:47+08:00 ] ERR: (ThinkException) 无法加载模块:Favicon
[ 2014-01-09T23:13:38+08:00 ] ERR: (ThinkException) 无法加载模块:Favicon
[ 2014-01-09T23:13:57+08:00 ] ERR: (ThinkException) 无法加载模块:Favicon
[ 2014-01-09T23:14:18+08:00 ] ERR: (ThinkException) 无法加载模块:Favicon
[ 2014-01-09T23:15:06+08:00 ] ERR: (ThinkException) 无法加载模块:Favicon
[ 2014-01-09T23:15:11+08:00 ] ERR: (ThinkException) 无法加载模块:Category
[ 2014-01-09T23:15:11+08:00 ] ERR: (ThinkException) 无法加载模块:Favicon
[ 2014-01-09T23:15:53+08:00 ] ERR: (ThinkException) 无法加载模块:Letter
[ 2014-01-09T23:15:53+08:00 ] ERR: (ThinkException) 无法加载模块:Favicon
[ 2014-01-09T23:15:54+08:00 ] ERR: (ThinkException) 无法加载模块:Favicon
[ 2014-01-09T23:16:22+08:00 ] ERR: (ThinkException) 无法加载模块:Category
[ 2014-01-09T23:16:23+08:00 ] ERR: (ThinkException) 无法加载模块:Favicon
[ 2014-01-09T23:16:24+08:00 ] ERR: (ThinkException) 无法加载模块:Favicon
[ 2014-01-09T23:16:26+08:00 ] ERR: (ThinkException) 无法加载模块:Letter
[ 2014-01-09T23:16:27+08:00 ] ERR: (ThinkException) 无法加载模块:Favicon
[ 2014-01-09T23:16:27+08:00 ] ERR: (ThinkException) 无法加载模块:Letter
[ 2014-01-09T23:16:28+08:00 ] ERR: (ThinkException) 无法加载模块:Favicon
[ 2014-01-09T23:16:29+08:00 ] ERR: (ThinkException) 无法加载模块:Letter
[ 2014-01-09T23:16:29+08:00 ] ERR: (ThinkException) 无法加载模块:Favicon
[ 2014-01-09T23:17:22+08:00 ] ERR: (ThinkException) 无法加载模块:Letter
[ 2014-01-09T23:17:23+08:00 ] ERR: (ThinkException) 无法加载模块:Favicon
[ 2014-01-09T23:17:24+08:00 ] ERR: (ThinkException) 无法加载模块:Letter
[ 2014-01-09T23:17:24+08:00 ] ERR: (ThinkException) 无法加载模块:Favicon
[ 2014-01-09T23:17:49+08:00 ] ERR: (ThinkException) 无法加载模块:Favicon
[ 2014-01-09T23:17:52+08:00 ] ERR: (ThinkException) 无法加载模块:Letter
[ 2014-01-09T23:17:52+08:00 ] ERR: (ThinkException) 无法加载模块:Favicon
[ 2014-01-09T23:19:17+08:00 ] ERR: (ThinkException) 无法加载模块:Letter
[ 2014-01-09T23:19:18+08:00 ] ERR: (ThinkException) 无法加载模块:Favicon
[ 2014-01-09T23:19:18+08:00 ] ERR: (ThinkException) 无法加载模块:Favicon
[ 2014-01-09T23:19:18+08:00 ] ERR: (ThinkException) 无法加载模块:Letter
[ 2014-01-09T23:19:19+08:00 ] ERR: (ThinkException) 无法加载模块:Favicon
[ 2014-01-09T23:19:19+08:00 ] ERR: (ThinkException) 无法加载模块:Letter
[ 2014-01-09T23:19:19+08:00 ] ERR: (ThinkException) 无法加载模块:Favicon
[ 2014-01-09T23:19:19+08:00 ] ERR: (ThinkException) 无法加载模块:Letter
[ 2014-01-09T23:19:19+08:00 ] ERR: (ThinkException) 无法加载模块:Letter
[ 2014-01-09T23:19:20+08:00 ] ERR: (ThinkException) 无法加载模块:Letter
[ 2014-01-09T23:19:20+08:00 ] ERR: (ThinkException) 无法加载模块:Favicon
[ 2014-01-09T23:20:11+08:00 ] ERR: (ThinkException) 无法加载模块:Favicon
[ 2014-01-09T23:20:21+08:00 ] ERR: (ThinkException) 无法加载模块:Pumps-letter
[ 2014-01-09T23:20:21+08:00 ] ERR: (ThinkException) 无法加载模块:Favicon
[ 2014-01-09T23:20:31+08:00 ] ERR: (ThinkException) 无法加载模块:Pumps-letter
[ 2014-01-09T23:20:31+08:00 ] ERR: (ThinkException) 无法加载模块:Favicon
[ 2014-01-09T23:23:06+08:00 ] ERR: (ThinkException) 无法加载模块:Favicon
[ 2014-01-09T23:23:40+08:00 ] ERR: (ThinkException) 无法加载模块:Favicon
[ 2014-01-09T23:26:48+08:00 ] ERR: (ThinkException) 无法加载模块:Category
[ 2014-01-09T23:26:48+08:00 ] ERR: (ThinkException) 无法加载模块:Favicon
[ 2014-01-09T23:27:11+08:00 ] ERR: (ThinkException) 无法加载模块:Category
[ 2014-01-09T23:27:12+08:00 ] ERR: (ThinkException) 无法加载模块:Favicon
[ 2014-01-09T23:27:22+08:00 ] ERR: (ThinkException) 无法加载模块:Letter
[ 2014-01-09T23:27:22+08:00 ] ERR: (ThinkException) 无法加载模块:Favicon
[ 2014-01-09T23:27:53+08:00 ] ERR: (ThinkException) 无法加载模块:Favicon
[ 2014-01-09T23:29:19+08:00 ] ERR: (ThinkException) 无法加载模块:Favicon
[ 2014-01-09T23:29:19+08:00 ] ERR: (ThinkException) 无法加载模块:Favicon
[ 2014-01-09T23:29:20+08:00 ] ERR: (ThinkException) 无法加载模块:Favicon
[ 2014-01-09T23:29:39+08:00 ] ERR: (ThinkException) 无法加载模块:Favicon
[ 2014-01-09T23:29:52+08:00 ] ERR: (ThinkException) 无法加载模块:Favicon
[ 2014-01-09T23:29:58+08:00 ] ERR: (ThinkException) 无法加载模块:Stunning-Evening-Bags-With-Simple-- Elegant-Styling-Purse-Handbags-for-Prom-Wedding-or-a-Gala-Formal-Wear-Shoulder-Straps-included-Clutch-Bag-Baguettes---Multiple-Colors-AvailableB009G7SKNC
[ 2014-01-09T23:29:59+08:00 ] ERR: (ThinkException) 无法加载模块:Favicon
[ 2014-01-09T23:31:08+08:00 ] ERR: (ThinkException) 无法加载模块:Stunning-Evening-Bags-With-Simple-- Elegant-Styling-Purse-Handbags-for-Prom-Wedding-or-a-Gala-Formal-Wear-Shoulder-Straps-included-Clutch-Bag-Baguettes---Multiple-Colors-AvailableB009G7SKNC
[ 2014-01-09T23:31:08+08:00 ] ERR: (ThinkException) 无法加载模块:Favicon
[ 2014-01-09T23:31:10+08:00 ] ERR: (ThinkException) 无法加载模块:Favicon
[ 2014-01-09T23:31:21+08:00 ] ERR: (ThinkException) 无法加载模块:Favicon
[ 2014-01-09T23:31:21+08:00 ] ERR: (ThinkException) 无法加载模块:Stunning-Evening-Bags-With-Simple-- Elegant-Styling-Purse-Handbags-for-Prom-Wedding-or-a-Gala-Formal-Wear-Shoulder-Straps-included-Clutch-Bag-Baguettes---Multiple-Colors-AvailableB009G7SKNC
[ 2014-01-09T23:31:22+08:00 ] ERR: (ThinkException) 无法加载模块:Favicon
[ 2014-01-09T23:31:22+08:00 ] ERR: (ThinkException) 无法加载模块:Favicon
[ 2014-01-09T23:32:12+08:00 ] ERR: (ThinkException) 无法加载模块:Favicon
[ 2014-01-09T23:32:13+08:00 ] ERR: (ThinkException) 无法加载模块:Favicon
[ 2014-01-09T23:33:18+08:00 ] ERR: (ThinkException) 无法加载模块:Favicon
[ 2014-01-09T23:33:21+08:00 ] ERR: (ThinkException) 无法加载模块:Favicon
[ 2014-01-09T23:33:32+08:00 ] ERR: (ThinkException) 无法加载模块:Favicon
[ 2014-01-09T23:33:58+08:00 ] ERR: (ThinkException) 无法加载模块:Favicon
[ 2014-01-09T23:34:02+08:00 ] ERR: (ThinkException) 无法加载模块:Favicon
[ 2014-01-09T23:34:07+08:00 ] ERR: (ThinkException) 无法加载模块:Favicon
[ 2014-01-09T23:34:07+08:00 ] ERR: (ThinkException) 无法加载模块:Favicon
[ 2014-01-09T23:34:07+08:00 ] ERR: (ThinkException) 无法加载模块:Favicon
[ 2014-01-09T23:34:09+08:00 ] ERR: (ThinkException) 无法加载模块:Favicon
[ 2014-01-09T23:34:10+08:00 ] ERR: (ThinkException) 无法加载模块:Favicon
[ 2014-01-09T23:34:11+08:00 ] ERR: (ThinkException) 无法加载模块:Favicon
[ 2014-01-09T23:34:12+08:00 ] ERR: (ThinkException) 无法加载模块:Favicon
[ 2014-01-09T23:34:23+08:00 ] ERR: (ThinkException) 无法加载模块:Favicon
[ 2014-01-09T23:34:33+08:00 ] ERR: (ThinkException) 无法加载模块:Favicon
[ 2014-01-09T23:35:34+08:00 ] ERR: (ThinkException) 无法加载模块:Favicon
[ 2014-01-09T23:35:44+08:00 ] ERR: (ThinkException) 无法加载模块:Favicon
[ 2014-01-09T23:35:58+08:00 ] ERR: (ThinkException) 无法加载模块:Favicon
[ 2014-01-09T23:36:06+08:00 ] ERR: (ThinkException) 无法加载模块:Favicon
[ 2014-01-09T23:36:12+08:00 ] ERR: (ThinkException) 无法加载模块:Favicon
[ 2014-01-09T23:36:12+08:00 ] ERR: (ThinkException) 无法加载模块:Favicon
[ 2014-01-09T23:36:12+08:00 ] ERR: (ThinkException) 无法加载模块:Favicon
[ 2014-01-09T23:36:12+08:00 ] ERR: (ThinkException) 无法加载模块:Favicon
[ 2014-01-09T23:36:12+08:00 ] ERR: (ThinkException) 无法加载模块:Favicon
[ 2014-01-09T23:36:12+08:00 ] ERR: (ThinkException) 无法加载模块:Favicon
[ 2014-01-09T23:36:34+08:00 ] ERR: (ThinkException) 无法加载模块:Favicon
[ 2014-01-09T23:36:40+08:00 ] ERR: (ThinkException) 无法加载模块:Favicon
[ 2014-01-09T23:36:43+08:00 ] ERR: (ThinkException) 无法加载模块:Favicon
[ 2014-01-09T23:37:15+08:00 ] ERR: (ThinkException) 无法加载模块:Favicon
[ 2014-01-09T23:37:22+08:00 ] ERR: (ThinkException) 无法加载模块:Favicon
[ 2014-01-09T23:39:59+08:00 ] ERR: (ThinkException) 无法加载模块:Favicon
[ 2014-01-09T23:39:59+08:00 ] ERR: (ThinkException) 无法加载模块:Favicon
[ 2014-01-09T23:40:15+08:00 ] ERR: (ThinkException) 无法加载模块:Favicon
[ 2014-01-09T23:40:32+08:00 ] ERR: (ThinkException) 无法加载模块:Favicon
[ 2014-01-09T23:40:51+08:00 ] ERR: (ThinkException) 无法加载模块:Favicon
[ 2014-01-09T23:42:10+08:00 ] ERR: (ThinkException) 无法加载模块:Favicon
[ 2014-01-09T23:43:09+08:00 ] ERR: (ThinkException) 无法加载模块:Favicon
[ 2014-01-09T23:43:29+08:00 ] ERR: (ThinkException) 无法加载模块:Favicon
[ 2014-01-09T23:43:30+08:00 ] ERR: (ThinkException) 无法加载模块:Favicon
[ 2014-01-09T23:44:07+08:00 ] ERR: (ThinkException) 无法加载模块:Favicon
[ 2014-01-09T23:44:25+08:00 ] ERR: (ThinkException) 无法加载模块:Favicon
[ 2014-01-09T23:45:54+08:00 ] ERR: (ThinkException) 无法加载模块:Favicon
[ 2014-01-09T23:45:58+08:00 ] ERR: (ThinkException) 无法加载模块:Favicon
[ 2014-01-09T23:47:36+08:00 ] ERR: (ThinkException) 无法加载模块:Favicon
[ 2014-01-09T23:47:47+08:00 ] ERR: (ThinkException) 无法加载模块:Favicon
[ 2014-01-09T23:47:47+08:00 ] ERR: (ThinkException) 无法加载模块:Favicon
[ 2014-01-09T23:47:54+08:00 ] ERR: (ThinkException) 无法加载模块:Favicon
[ 2014-01-09T23:47:59+08:00 ] ERR: (ThinkException) 无法加载模块:Favicon
[ 2014-01-09T23:48:04+08:00 ] ERR: (ThinkException) 无法加载模块:Favicon
[ 2014-01-09T23:49:18+08:00 ] ERR: (ThinkException) 无法加载模块:Favicon
[ 2014-01-09T23:49:28+08:00 ] ERR: (ThinkException) 无法加载模块:Favicon
[ 2014-01-09T23:49:58+08:00 ] ERR: (ThinkException) 无法加载模块:Favicon
[ 2014-01-09T23:50:19+08:00 ] ERR: (ThinkException) 无法加载模块:Favicon
[ 2014-01-09T23:50:32+08:00 ] ERR: (ThinkException) 无法加载模块:Favicon
[ 2014-01-09T23:50:34+08:00 ] ERR: (ThinkException) 无法加载模块:Favicon
[ 2014-01-09T23:50:35+08:00 ] ERR: (ThinkException) 无法加载模块:Favicon
[ 2014-01-09T23:52:35+08:00 ] ERR: (ThinkException) 无法加载模块:Favicon
[ 2014-01-09T23:52:46+08:00 ] ERR: (ThinkException) 无法加载模块:Favicon
[ 2014-01-09T23:52:56+08:00 ] ERR: (ThinkException) 无法加载模块:Favicon
[ 2014-01-09T23:52:56+08:00 ] ERR: (ThinkException) 无法加载模块:Favicon
[ 2014-01-09T23:52:57+08:00 ] ERR: (ThinkException) 无法加载模块:Favicon
[ 2014-01-09T23:52:57+08:00 ] ERR: (ThinkException) 无法加载模块:Favicon
[ 2014-01-09T23:52:57+08:00 ] ERR: (ThinkException) 无法加载模块:Favicon
[ 2014-01-09T23:53:18+08:00 ] ERR: (ThinkException) 无法加载模块:Favicon
[ 2014-01-09T23:53:19+08:00 ] ERR: (ThinkException) 无法加载模块:Favicon
[ 2014-01-09T23:53:19+08:00 ] ERR: (ThinkException) 无法加载模块:Favicon
[ 2014-01-09T23:53:24+08:00 ] ERR: (ThinkException) 无法加载模块:Favicon
[ 2014-01-09T23:53:48+08:00 ] ERR: (ThinkException) 无法加载模块:Favicon
[ 2014-01-09T23:53:58+08:00 ] ERR: (ThinkException) 无法加载模块:Favicon
[ 2014-01-09T23:54:15+08:00 ] ERR: (ThinkException) 无法加载模块:Favicon
[ 2014-01-09T23:54:15+08:00 ] ERR: (ThinkException) 无法加载模块:Favicon
[ 2014-01-09T23:54:17+08:00 ] ERR: (ThinkException) 无法加载模块:Favicon
[ 2014-01-09T23:54:56+08:00 ] ERR: (ThinkException) 无法加载模块:Favicon
[ 2014-01-09T23:54:57+08:00 ] ERR: (ThinkException) 无法加载模块:Favicon
[ 2014-01-09T23:55:12+08:00 ] ERR: (ThinkException) 无法加载模块:Favicon
[ 2014-01-09T23:55:45+08:00 ] ERR: (ThinkException) 无法加载模块:Favicon
[ 2014-01-09T23:55:59+08:00 ] ERR: (ThinkException) 无法加载模块:Favicon
[ 2014-01-09T23:56:16+08:00 ] ERR: (ThinkException) 无法加载模块:Favicon
[ 2014-01-09T23:56:16+08:00 ] ERR: (ThinkException) 无法加载模块:Favicon
[ 2014-01-09T23:56:17+08:00 ] ERR: (ThinkException) 无法加载模块:Favicon
[ 2014-01-09T23:59:47+08:00 ] ERR: (ThinkException) 无法加载模块:Favicon
[ 2014-01-09T23:59:47+08:00 ] ERR: (ThinkException) 无法加载模块:Favicon
