[ 2014-01-13T09:45:54+08:00 ] ERR: (ThinkException) 无法加载模块:Favicon
[ 2014-01-13T09:46:26+08:00 ] ERR: (ThinkException) 无法加载模块:Favicon
[ 2014-01-13T09:47:20+08:00 ] ERR: (ThinkException) 无法加载模块:Favicon
[ 2014-01-13T09:47:39+08:00 ] ERR: (ThinkException) 无法加载模块:Madden-Girl-Women-s-Gamer-Lace-Up-BootB009AS9P2W
[ 2014-01-13T09:47:39+08:00 ] ERR: (ThinkException) 无法加载模块:Favicon
[ 2014-01-13T09:47:40+08:00 ] ERR: (ThinkException) 无法加载模块:Karyn-s-Collection-Womens-FRIDA-Closed-Round-Toe-Faux-Fur-Button-Mid-Calf-Flat-Bootie-Boot-ShoesB00HLZB8PS
[ 2014-01-13T09:47:40+08:00 ] ERR: (ThinkException) 无法加载模块:Favicon
[ 2014-01-13T09:48:32+08:00 ] ERR: (ThinkException) 无法加载模块:Karyn-s-Collection-Womens-FRIDA-Closed-Round-Toe-Faux-Fur-Button-Mid-Calf-Flat-Bootie-Boot-ShoesB00HLZB8PS
[ 2014-01-13T09:48:33+08:00 ] ERR: (ThinkException) 无法加载模块:Favicon
[ 2014-01-13T09:48:39+08:00 ] ERR: (ThinkException) 无法加载模块:Favicon
[ 2014-01-13T09:48:43+08:00 ] ERR: (ThinkException) 无法加载模块:DetailUrl
[ 2014-01-13T09:48:43+08:00 ] ERR: (ThinkException) 无法加载模块:Favicon
[ 2014-01-13T09:49:00+08:00 ] ERR: (ThinkException) 无法加载模块:DetailUrl
[ 2014-01-13T09:49:00+08:00 ] ERR: (ThinkException) 无法加载模块:Favicon
[ 2014-01-13T09:49:03+08:00 ] ERR: (ThinkException) 无法加载模块:Favicon
[ 2014-01-13T09:49:03+08:00 ] ERR: (ThinkException) 无法加载模块:Favicon
[ 2014-01-13T09:49:17+08:00 ] ERR: (ThinkException) 无法加载模块:Madden-Girl-Women-s-Gamer-Lace-Up-BootB009AS9P2W
[ 2014-01-13T09:49:36+08:00 ] ERR: (ThinkException) 无法加载模块:Favicon
[ 2014-01-13T09:49:36+08:00 ] ERR: (ThinkException) 无法加载模块:Favicon
[ 2014-01-13T09:50:03+08:00 ] ERR: (ThinkException) 无法加载模块:Favicon
[ 2014-01-13T09:50:03+08:00 ] ERR: (ThinkException) 无法加载模块:Favicon
[ 2014-01-13T09:50:24+08:00 ] ERR: (ThinkException) 无法加载模块:Detail
[ 2014-01-13T09:50:24+08:00 ] ERR: (ThinkException) 无法加载模块:Favicon
[ 2014-01-13T09:50:33+08:00 ] ERR: (ThinkException) 无法加载模块:Favicon
[ 2014-01-13T09:50:33+08:00 ] ERR: (ThinkException) 无法加载模块:Favicon
[ 2014-01-13T09:51:55+08:00 ] ERR: (ThinkException) 无法加载模块:Favicon
[ 2014-01-13T09:52:26+08:00 ] ERR: (ThinkException) 无法加载模块:Favicon
[ 2014-01-13T09:52:56+08:00 ] ERR: (ThinkException) 无法加载模块:Favicon
[ 2014-01-13T09:54:24+08:00 ] ERR: (ThinkException) 无法加载模块:Favicon
[ 2014-01-13T09:54:24+08:00 ] ERR: (ThinkException) 无法加载模块:Favicon
[ 2014-01-13T10:23:47+08:00 ] ERR: (ThinkException) 无法加载模块:Favicon
[ 2014-01-13T10:23:47+08:00 ] ERR: (ThinkException) 无法加载模块:Favicon
[ 2014-01-13T11:14:08+08:00 ] ERR: (ThinkException) 无法加载模块:Favicon
[ 2014-01-13T11:14:08+08:00 ] ERR: (ThinkException) 无法加载模块:Favicon
[ 2014-01-13T11:14:09+08:00 ] ERR: (ThinkException) 无法加载模块:Favicon
[ 2014-01-13T11:14:51+08:00 ] ERR: (ThinkException) 无法加载模块:Favicon
