[ 2014-01-19T00:38:39+08:00 ] ERR: (ThinkException) 无法加载模块:Favicon
[ 2014-01-19T01:15:25+08:00 ] ERR: (ThinkException) 
 [ SQL语句 ] : select name from shoes where name like 'r%'
[ 2014-01-19T01:15:25+08:00 ] ERR: (ThinkException) 无法加载模块:Favicon
[ 2014-01-19T01:15:53+08:00 ] ERR: (ThinkException) 
 [ SQL语句 ] : select name from shoes where name like 'x%'
[ 2014-01-19T01:15:54+08:00 ] ERR: (ThinkException) 无法加载模块:Favicon
[ 2014-01-19T01:16:36+08:00 ] ERR: (ThinkException) 
 [ SQL语句 ] : select word from shoes where word like 'x%'
[ 2014-01-19T01:16:37+08:00 ] ERR: (ThinkException) 无法加载模块:Favicon
[ 2014-01-19T01:16:38+08:00 ] ERR: (ThinkException) 
 [ SQL语句 ] : select word from shoes where word like 'x%'
[ 2014-01-19T01:16:38+08:00 ] ERR: (ThinkException) 无法加载模块:Favicon
[ 2014-01-19T01:18:55+08:00 ] ERR: (ThinkException) 
 [ SQL语句 ] : select word from keyword where word like 'r%'
[ 2014-01-19T01:18:55+08:00 ] ERR: (ThinkException) 无法加载模块:Favicon
[ 2014-01-19T01:21:35+08:00 ] ERR: (ThinkException) 
 [ SQL语句 ] : SELECT * FROM keyword ORDER BY RAND() LIMIT 20
[ 2014-01-19T01:21:35+08:00 ] ERR: (ThinkException) 无法加载模块:Favicon
[ 2014-01-19T01:22:28+08:00 ] ERR: (ThinkException) 无法加载模块:Favicon
[ 2014-01-19T01:24:21+08:00 ] ERR: (ThinkException) 无法加载模块:Favicon
[ 2014-01-19T01:25:08+08:00 ] ERR: (ThinkException) 
 [ SQL语句 ] : SELECT * FROM keyword ORDER BY RAND() LIMIT 20
[ 2014-01-19T01:25:09+08:00 ] ERR: (ThinkException) 无法加载模块:Favicon
[ 2014-01-19T01:25:14+08:00 ] ERR: (ThinkException) 
 [ SQL语句 ] : SELECT * FROM keyword ORDER BY RAND() LIMIT 20
[ 2014-01-19T01:25:14+08:00 ] ERR: (ThinkException) 无法加载模块:Favicon
[ 2014-01-19T01:30:36+08:00 ] ERR: (ThinkException) 
 [ SQL语句 ] : SELECT * FROM keyword ORDER BY RAND() LIMIT 20
[ 2014-01-19T01:30:37+08:00 ] ERR: (ThinkException) 无法加载模块:Favicon
[ 2014-01-19T01:30:38+08:00 ] ERR: (ThinkException) 
 [ SQL语句 ] : SELECT * FROM keyword ORDER BY RAND() LIMIT 20
[ 2014-01-19T01:30:38+08:00 ] ERR: (ThinkException) 无法加载模块:Favicon
[ 2014-01-19T01:30:38+08:00 ] ERR: (ThinkException) 
 [ SQL语句 ] : SELECT * FROM keyword ORDER BY RAND() LIMIT 20
[ 2014-01-19T01:30:38+08:00 ] ERR: (ThinkException) 无法加载模块:Favicon
[ 2014-01-19T01:30:39+08:00 ] ERR: (ThinkException) 
 [ SQL语句 ] : SELECT * FROM keyword ORDER BY RAND() LIMIT 20
[ 2014-01-19T01:30:39+08:00 ] ERR: (ThinkException) 无法加载模块:Favicon
[ 2014-01-19T01:30:39+08:00 ] ERR: (ThinkException) 
 [ SQL语句 ] : SELECT * FROM keyword ORDER BY RAND() LIMIT 20
[ 2014-01-19T01:30:39+08:00 ] ERR: (ThinkException) 无法加载模块:Favicon
[ 2014-01-19T01:30:39+08:00 ] ERR: (ThinkException) 
 [ SQL语句 ] : SELECT * FROM keyword ORDER BY RAND() LIMIT 20
[ 2014-01-19T01:30:39+08:00 ] ERR: (ThinkException) 无法加载模块:Favicon
[ 2014-01-19T01:30:39+08:00 ] ERR: (ThinkException) 
 [ SQL语句 ] : SELECT * FROM keyword ORDER BY RAND() LIMIT 20
[ 2014-01-19T01:30:39+08:00 ] ERR: (ThinkException) 
 [ SQL语句 ] : SELECT * FROM keyword ORDER BY RAND() LIMIT 20
[ 2014-01-19T01:30:39+08:00 ] ERR: (ThinkException) 无法加载模块:Favicon
[ 2014-01-19T01:30:40+08:00 ] ERR: (ThinkException) 无法加载模块:Favicon
[ 2014-01-19T01:30:40+08:00 ] ERR: (ThinkException) 
 [ SQL语句 ] : SELECT * FROM keyword ORDER BY RAND() LIMIT 20
[ 2014-01-19T01:30:40+08:00 ] ERR: (ThinkException) 无法加载模块:Favicon
[ 2014-01-19T01:30:40+08:00 ] ERR: (ThinkException) 
 [ SQL语句 ] : SELECT * FROM keyword ORDER BY RAND() LIMIT 20
[ 2014-01-19T01:30:40+08:00 ] ERR: (ThinkException) 无法加载模块:Favicon
[ 2014-01-19T01:30:40+08:00 ] ERR: (ThinkException) 
 [ SQL语句 ] : SELECT * FROM keyword ORDER BY RAND() LIMIT 20
[ 2014-01-19T01:30:40+08:00 ] ERR: (ThinkException) 
 [ SQL语句 ] : SELECT * FROM keyword ORDER BY RAND() LIMIT 20
[ 2014-01-19T01:30:40+08:00 ] ERR: (ThinkException) 无法加载模块:Favicon
[ 2014-01-19T01:30:40+08:00 ] ERR: (ThinkException) 
 [ SQL语句 ] : SELECT * FROM keyword ORDER BY RAND() LIMIT 20
[ 2014-01-19T01:30:41+08:00 ] ERR: (ThinkException) 无法加载模块:Favicon
[ 2014-01-19T01:30:41+08:00 ] ERR: (ThinkException) 
 [ SQL语句 ] : SELECT * FROM keyword ORDER BY RAND() LIMIT 20
[ 2014-01-19T01:30:41+08:00 ] ERR: (ThinkException) 无法加载模块:Favicon
[ 2014-01-19T01:30:57+08:00 ] ERR: (ThinkException) 
 [ SQL语句 ] : SELECT * FROM keyword ORDER BY RAND() LIMIT 20
[ 2014-01-19T01:30:57+08:00 ] ERR: (ThinkException) 无法加载模块:Favicon
[ 2014-01-19T01:30:59+08:00 ] ERR: (ThinkException) 
 [ SQL语句 ] : SELECT * FROM keyword ORDER BY RAND() LIMIT 20
[ 2014-01-19T01:31:00+08:00 ] ERR: (ThinkException) 无法加载模块:Favicon
[ 2014-01-19T01:33:27+08:00 ] ERR: (ThinkException) 无法加载模块:Favicon
[ 2014-01-19T01:33:30+08:00 ] ERR: (ThinkException) 无法加载模块:Favicon
[ 2014-01-19T01:33:36+08:00 ] ERR: (ThinkException) 无法加载模块:Favicon
[ 2014-01-19T01:33:36+08:00 ] ERR: (ThinkException) 无法加载模块:Favicon
[ 2014-01-19T01:33:55+08:00 ] ERR: (ThinkException) 无法加载模块:Favicon
[ 2014-01-19T01:33:57+08:00 ] ERR: (ThinkException) 无法加载模块:Favicon
[ 2014-01-19T01:33:58+08:00 ] ERR: (ThinkException) 无法加载模块:Favicon
[ 2014-01-19T01:34:12+08:00 ] ERR: (ThinkException) 无法加载模块:Favicon
[ 2014-01-19T01:34:18+08:00 ] ERR: (ThinkException) 无法加载模块:Favicon
[ 2014-01-19T01:34:21+08:00 ] ERR: (ThinkException) 无法加载模块:Favicon
[ 2014-01-19T01:34:23+08:00 ] ERR: (ThinkException) 无法加载模块:Favicon
[ 2014-01-19T01:34:51+08:00 ] ERR: (ThinkException) 无法加载模块:Favicon
[ 2014-01-19T01:34:57+08:00 ] ERR: (ThinkException) 无法加载模块:Favicon
[ 2014-01-19T01:35:06+08:00 ] ERR: (ThinkException) 
 [ SQL语句 ] : select name from keyword WHERE MATCH(name) AGAINST ('red heels pumps') LIMIT 1,5 
[ 2014-01-19T01:35:11+08:00 ] ERR: (ThinkException) 
 [ SQL语句 ] : select name from keyword WHERE MATCH(name) AGAINST ('red heels pumps') LIMIT 1,5 
[ 2014-01-19T01:35:11+08:00 ] ERR: (ThinkException) 无法加载模块:Favicon
[ 2014-01-19T01:35:18+08:00 ] ERR: (ThinkException) 
 [ SQL语句 ] : select name from keyword WHERE MATCH(name) AGAINST ('peep toe pumps') LIMIT 1,5 
[ 2014-01-19T01:35:18+08:00 ] ERR: (ThinkException) 无法加载模块:Favicon
[ 2014-01-19T01:35:19+08:00 ] ERR: (ThinkException) 无法加载模块:Favicon
[ 2014-01-19T01:38:02+08:00 ] ERR: (ThinkException) 
 [ SQL语句 ] : select name from keyword WHERE name MATCH ''red heels pumps'' LIMIT 1,5 
[ 2014-01-19T01:38:02+08:00 ] ERR: (ThinkException) 无法加载模块:Favicon
[ 2014-01-19T01:38:58+08:00 ] ERR: (ThinkException) 
 [ SQL语句 ] : select name from keyword WHERE name MATCH 'red heels pumps' LIMIT 1,5 
[ 2014-01-19T01:38:59+08:00 ] ERR: (ThinkException) 无法加载模块:Favicon
[ 2014-01-19T01:39:10+08:00 ] ERR: (ThinkException) 
 [ SQL语句 ] : select name from keyword WHERE name MATCH 'peep toe pumps' LIMIT 1,5 
[ 2014-01-19T01:39:10+08:00 ] ERR: (ThinkException) 无法加载模块:Favicon
[ 2014-01-19T01:40:04+08:00 ] ERR: (ThinkException) 无法加载模块:Favicon
[ 2014-01-19T01:40:23+08:00 ] ERR: (ThinkException) 无法加载模块:Favicon
[ 2014-01-19T01:40:33+08:00 ] ERR: (ThinkException) 无法加载模块:Favicon
[ 2014-01-19T01:40:33+08:00 ] ERR: (ThinkException) 无法加载模块:Favicon
[ 2014-01-19T01:40:33+08:00 ] ERR: (ThinkException) 无法加载模块:Favicon
[ 2014-01-19T01:40:33+08:00 ] ERR: (ThinkException) 无法加载模块:Favicon
[ 2014-01-19T01:40:39+08:00 ] ERR: (ThinkException) 无法加载模块:Favicon
[ 2014-01-19T01:40:39+08:00 ] ERR: (ThinkException) 无法加载模块:Favicon
[ 2014-01-19T01:40:39+08:00 ] ERR: (ThinkException) 无法加载模块:Favicon
[ 2014-01-19T01:40:40+08:00 ] ERR: (ThinkException) 无法加载模块:Favicon
[ 2014-01-19T01:40:40+08:00 ] ERR: (ThinkException) 无法加载模块:Favicon
[ 2014-01-19T01:41:11+08:00 ] ERR: (ThinkException) 无法加载模块:Favicon
[ 2014-01-19T01:41:12+08:00 ] ERR: (ThinkException) 无法加载模块:Favicon
[ 2014-01-19T01:41:26+08:00 ] ERR: (ThinkException) 无法加载模块:Favicon
[ 2014-01-19T01:41:27+08:00 ] ERR: (ThinkException) 无法加载模块:Favicon
[ 2014-01-19T01:41:39+08:00 ] ERR: (ThinkException) 无法加载模块:Favicon
[ 2014-01-19T01:42:08+08:00 ] ERR: (ThinkException) 无法加载模块:Favicon
[ 2014-01-19T01:42:18+08:00 ] ERR: (ThinkException) 无法加载模块:Favicon
[ 2014-01-19T01:42:30+08:00 ] ERR: (ThinkException) 无法加载模块:Favicon
[ 2014-01-19T01:42:42+08:00 ] ERR: (ThinkException) 无法加载模块:Favicon
[ 2014-01-19T01:42:42+08:00 ] ERR: (ThinkException) 无法加载模块:Favicon
[ 2014-01-19T01:42:42+08:00 ] ERR: (ThinkException) 无法加载模块:Favicon
[ 2014-01-19T01:42:42+08:00 ] ERR: (ThinkException) 无法加载模块:Favicon
[ 2014-01-19T01:42:59+08:00 ] ERR: (ThinkException) 无法加载模块:Favicon
[ 2014-01-19T01:44:28+08:00 ] ERR: (ThinkException) 无法加载模块:Favicon
[ 2014-01-19T01:44:29+08:00 ] ERR: (ThinkException) 无法加载模块:Favicon
[ 2014-01-19T01:48:22+08:00 ] ERR: (ThinkException) 无法加载模块:Favicon
[ 2014-01-19T01:48:22+08:00 ] ERR: (ThinkException) 无法加载模块:Favicon
[ 2014-01-19T01:49:50+08:00 ] ERR: (ThinkException) 无法加载模块:Favicon
[ 2014-01-19T01:49:51+08:00 ] ERR: (ThinkException) 无法加载模块:Favicon
[ 2014-01-19T01:49:52+08:00 ] ERR: (ThinkException) 无法加载模块:Favicon
[ 2014-01-19T01:50:07+08:00 ] ERR: (ThinkException) 无法加载模块:Favicon
[ 2014-01-19T01:50:07+08:00 ] ERR: (ThinkException) 无法加载模块:Favicon
[ 2014-01-19T01:50:08+08:00 ] ERR: (ThinkException) 无法加载模块:Favicon
[ 2014-01-19T01:51:26+08:00 ] ERR: (ThinkException) 无法加载模块:Favicon
[ 2014-01-19T01:51:26+08:00 ] ERR: (ThinkException) 无法加载模块:Favicon
[ 2014-01-19T01:51:28+08:00 ] ERR: (ThinkException) 无法加载模块:Favicon
[ 2014-01-19T01:51:42+08:00 ] ERR: (ThinkException) 无法加载模块:Favicon
[ 2014-01-19T01:51:43+08:00 ] ERR: (ThinkException) 无法加载模块:Favicon
[ 2014-01-19T01:51:44+08:00 ] ERR: (ThinkException) 无法加载模块:Favicon
[ 2014-01-19T01:51:58+08:00 ] ERR: (ThinkException) 无法加载模块:Favicon
[ 2014-01-19T01:51:59+08:00 ] ERR: (ThinkException) 无法加载模块:Favicon
[ 2014-01-19T01:52:12+08:00 ] ERR: (ThinkException) 无法加载模块:Favicon
[ 2014-01-19T01:52:12+08:00 ] ERR: (ThinkException) 无法加载模块:Favicon
[ 2014-01-19T01:52:12+08:00 ] ERR: (ThinkException) 无法加载模块:Favicon
[ 2014-01-19T01:52:12+08:00 ] ERR: (ThinkException) 无法加载模块:Favicon
[ 2014-01-19T01:52:55+08:00 ] ERR: (ThinkException) 
 [ SQL语句 ] : SELECT * FROM link WHERE ( site = 'shoes' ) ORDER BY -rank 
[ 2014-01-19T01:52:56+08:00 ] ERR: (ThinkException) 无法加载模块:Favicon
[ 2014-01-19T01:52:56+08:00 ] ERR: (ThinkException) 无法加载模块:Favicon
[ 2014-01-19T01:53:33+08:00 ] ERR: (ThinkException) 无法加载模块:Favicon
[ 2014-01-19T01:53:44+08:00 ] ERR: (ThinkException) 
 [ SQL语句 ] : SELECT * FROM keyword ORDER BY RAND() LIMIT 8
[ 2014-01-19T01:53:44+08:00 ] ERR: (ThinkException) 无法加载模块:Favicon
[ 2014-01-19T01:55:41+08:00 ] ERR: (ThinkException) 无法加载模块:Favicon
[ 2014-01-19T01:55:41+08:00 ] ERR: (ThinkException) 无法加载模块:Favicon
[ 2014-01-19T12:42:50+08:00 ] ERR: (ThinkException) 无法加载模块:Favicon
[ 2014-01-19T12:43:24+08:00 ] ERR: (ThinkException) 无法加载模块:Favicon
[ 2014-01-19T12:44:13+08:00 ] ERR: (ThinkException) 无法加载模块:Favicon
[ 2014-01-19T12:44:45+08:00 ] ERR: (ThinkException) 无法加载模块:Favicon
[ 2014-01-19T12:44:45+08:00 ] ERR: (ThinkException) 无法加载模块:Favicon
[ 2014-01-19T12:45:05+08:00 ] ERR: (ThinkException) 无法加载模块:Favicon
[ 2014-01-19T12:45:51+08:00 ] ERR: (ThinkException) 无法加载模块:Favicon
[ 2014-01-19T13:23:35+08:00 ] ERR: (ThinkException) 无法加载模块:Favicon
[ 2014-01-19T13:26:22+08:00 ] ERR: (ThinkException) 无法加载模块:Favicon
[ 2014-01-19T13:27:45+08:00 ] ERR: (ThinkException) 无法加载模块:Favicon
[ 2014-01-19T13:28:01+08:00 ] ERR: (ThinkException) 无法加载模块:Favicon
[ 2014-01-19T13:28:14+08:00 ] ERR: (ThinkException) 无法加载模块:Favicon
[ 2014-01-19T13:28:29+08:00 ] ERR: (ThinkException) 无法加载模块:Favicon
[ 2014-01-19T13:29:15+08:00 ] ERR: (ThinkException) 无法加载模块:Favicon
[ 2014-01-19T13:30:23+08:00 ] ERR: (ThinkException) 无法加载模块:Favicon
[ 2014-01-19T13:32:25+08:00 ] ERR: (ThinkException) 无法加载模块:Favicon
[ 2014-01-19T13:33:36+08:00 ] ERR: (ThinkException) 无法加载模块:Favicon
[ 2014-01-19T13:35:02+08:00 ] ERR: (ThinkException) 无法加载模块:Favicon
[ 2014-01-19T13:36:28+08:00 ] ERR: (ThinkException) 无法加载模块:Favicon
[ 2014-01-19T13:36:50+08:00 ] ERR: (ThinkException) 无法加载模块:Favicon
[ 2014-01-19T13:43:20+08:00 ] ERR: (ThinkException) 无法加载模块:Favicon
[ 2014-01-19T13:43:47+08:00 ] ERR: (ThinkException) 无法加载模块:Favicon
[ 2014-01-19T13:44:07+08:00 ] ERR: (ThinkException) 无法加载模块:Favicon
[ 2014-01-19T13:46:14+08:00 ] ERR: (ThinkException) 无法加载模块:Favicon
[ 2014-01-19T13:46:27+08:00 ] ERR: (ThinkException) 无法加载模块:Favicon
[ 2014-01-19T13:46:36+08:00 ] ERR: (ThinkException) 无法加载模块:Favicon
[ 2014-01-19T14:16:44+08:00 ] ERR: (ThinkException) 无法加载模块:Favicon
[ 2014-01-19T14:17:05+08:00 ] ERR: (ThinkException) 无法加载模块:Favicon
[ 2014-01-19T14:17:21+08:00 ] ERR: (ThinkException) 无法加载模块:Favicon
[ 2014-01-19T14:17:26+08:00 ] ERR: (ThinkException) 无法加载模块:Favicon
[ 2014-01-19T14:30:58+08:00 ] ERR: (ThinkException) 无法加载模块:Favicon
[ 2014-01-19T14:31:13+08:00 ] ERR: (ThinkException) 无法加载模块:Favicon
[ 2014-01-19T14:31:27+08:00 ] ERR: (ThinkException) 无法加载模块:Favicon
[ 2014-01-19T14:42:35+08:00 ] ERR: (ThinkException) 无法加载模块:Favicon
[ 2014-01-19T15:07:28+08:00 ] ERR: (ThinkException) 无法加载模块:Favicon
[ 2014-01-19T15:13:41+08:00 ] ERR: (ThinkException) 无法加载模块:Favicon
[ 2014-01-19T15:20:10+08:00 ] ERR: (ThinkException) 无法加载模块:Favicon
[ 2014-01-19T15:56:24+08:00 ] ERR: (ThinkException) 无法加载模块:Favicon
[ 2014-01-19T16:08:58+08:00 ] ERR: (ThinkException) 无法加载模块:Favicon
[ 2014-01-19T16:09:08+08:00 ] ERR: (ThinkException) 无法加载模块:Favicon
[ 2014-01-19T16:09:09+08:00 ] ERR: (ThinkException) 无法加载模块:Favicon
[ 2014-01-19T16:09:39+08:00 ] ERR: (ThinkException) 无法加载模块:Favicon
[ 2014-01-19T16:09:40+08:00 ] ERR: (ThinkException) 无法加载模块:Favicon
[ 2014-01-19T16:09:41+08:00 ] ERR: (ThinkException) 无法加载模块:Favicon
[ 2014-01-19T16:09:41+08:00 ] ERR: (ThinkException) 无法加载模块:Favicon
[ 2014-01-19T16:16:37+08:00 ] ERR: (ThinkException) 无法加载模块:Favicon
[ 2014-01-19T16:16:48+08:00 ] ERR: (ThinkException) 无法加载模块:Favicon
[ 2014-01-19T16:16:52+08:00 ] ERR: (ThinkException) 无法加载模块:Favicon
[ 2014-01-19T16:17:12+08:00 ] ERR: (ThinkException) 无法加载模块:Favicon
[ 2014-01-19T16:17:14+08:00 ] ERR: (ThinkException) 无法加载模块:Favicon
[ 2014-01-19T16:17:31+08:00 ] ERR: (ThinkException) 无法加载模块:Favicon
[ 2014-01-19T16:17:47+08:00 ] ERR: (ThinkException) 无法加载模块:Favicon
[ 2014-01-19T16:18:05+08:00 ] ERR: (ThinkException) 无法加载模块:Favicon
[ 2014-01-19T16:18:13+08:00 ] ERR: (ThinkException) 无法加载模块:Favicon
[ 2014-01-19T16:18:28+08:00 ] ERR: (ThinkException) 无法加载模块:Favicon
[ 2014-01-19T16:18:30+08:00 ] ERR: (ThinkException) 无法加载模块:Favicon
[ 2014-01-19T16:20:44+08:00 ] ERR: (ThinkException) 无法加载模块:Favicon
[ 2014-01-19T16:20:57+08:00 ] ERR: (ThinkException) 无法加载模块:Favicon
[ 2014-01-19T16:21:43+08:00 ] ERR: (ThinkException) 无法加载模块:Favicon
[ 2014-01-19T16:23:29+08:00 ] ERR: (ThinkException) 无法加载模块:Favicon
[ 2014-01-19T16:23:51+08:00 ] ERR: (ThinkException) 无法加载模块:Favicon
[ 2014-01-19T16:25:09+08:00 ] ERR: (ThinkException) 无法加载模块:Favicon
[ 2014-01-19T16:26:19+08:00 ] ERR: (ThinkException) 无法加载模块:Favicon
[ 2014-01-19T16:32:48+08:00 ] ERR: (ThinkException) 无法加载模块:Favicon
[ 2014-01-19T16:32:49+08:00 ] ERR: (ThinkException) 无法加载模块:Favicon
[ 2014-01-19T16:32:51+08:00 ] ERR: (ThinkException) 无法加载模块:Favicon
[ 2014-01-19T16:33:16+08:00 ] ERR: (ThinkException) 无法加载模块:Favicon
[ 2014-01-19T16:33:36+08:00 ] ERR: (ThinkException) 无法加载模块:Favicon
[ 2014-01-19T16:34:18+08:00 ] ERR: (ThinkException) 无法加载模块:Favicon
[ 2014-01-19T16:34:31+08:00 ] ERR: (ThinkException) 无法加载模块:Favicon
[ 2014-01-19T16:34:37+08:00 ] ERR: (ThinkException) 无法加载模块:Favicon
[ 2014-01-19T16:35:16+08:00 ] ERR: (ThinkException) 无法加载模块:Favicon
[ 2014-01-19T16:35:43+08:00 ] ERR: (ThinkException) 无法加载模块:Favicon
[ 2014-01-19T16:35:53+08:00 ] ERR: (ThinkException) 无法加载模块:Favicon
[ 2014-01-19T16:36:08+08:00 ] ERR: (ThinkException) 无法加载模块:Favicon
[ 2014-01-19T16:36:08+08:00 ] ERR: (ThinkException) 无法加载模块:Favicon
[ 2014-01-19T16:36:38+08:00 ] ERR: (ThinkException) 无法加载模块:Favicon
[ 2014-01-19T16:36:49+08:00 ] ERR: (ThinkException) 无法加载模块:Favicon
[ 2014-01-19T16:37:03+08:00 ] ERR: (ThinkException) 无法加载模块:Favicon
[ 2014-01-19T16:37:05+08:00 ] ERR: (ThinkException) 无法加载模块:Favicon
[ 2014-01-19T16:37:26+08:00 ] ERR: (ThinkException) 无法加载模块:Favicon
[ 2014-01-19T16:37:41+08:00 ] ERR: (ThinkException) 无法加载模块:Favicon
[ 2014-01-19T16:39:45+08:00 ] ERR: (ThinkException) 无法加载模块:Favicon
[ 2014-01-19T16:42:31+08:00 ] ERR: (ThinkException) 无法加载模块:Favicon
[ 2014-01-19T16:43:10+08:00 ] ERR: (ThinkException) 无法加载模块:Favicon
[ 2014-01-19T16:43:17+08:00 ] ERR: (ThinkException) 无法加载模块:Favicon
[ 2014-01-19T16:44:03+08:00 ] ERR: (ThinkException) 无法加载模块:Favicon
[ 2014-01-19T16:44:03+08:00 ] ERR: (ThinkException) 无法加载模块:Favicon
[ 2014-01-19T16:44:03+08:00 ] ERR: (ThinkException) 无法加载模块:Favicon
[ 2014-01-19T16:44:03+08:00 ] ERR: (ThinkException) 无法加载模块:Favicon
[ 2014-01-19T16:44:21+08:00 ] ERR: (ThinkException) 无法加载模块:Favicon
[ 2014-01-19T16:44:21+08:00 ] ERR: (ThinkException) 无法加载模块:Favicon
[ 2014-01-19T16:44:37+08:00 ] ERR: (ThinkException) 无法加载模块:Favicon
[ 2014-01-19T16:44:43+08:00 ] ERR: (ThinkException) 无法加载模块:Favicon
[ 2014-01-19T16:44:44+08:00 ] ERR: (ThinkException) 无法加载模块:Favicon
[ 2014-01-19T16:44:44+08:00 ] ERR: (ThinkException) 无法加载模块:Favicon
[ 2014-01-19T16:44:49+08:00 ] ERR: (ThinkException) 无法加载模块:Favicon
[ 2014-01-19T21:00:10+08:00 ] ERR: (ThinkException) 无法加载模块:Favicon
[ 2014-01-19T21:01:01+08:00 ] ERR: (ThinkException) 无法加载模块:Favicon
[ 2014-01-19T21:01:15+08:00 ] ERR: (ThinkException) 无法加载模块:Favicon
[ 2014-01-19T21:01:27+08:00 ] ERR: (ThinkException) 无法加载模块:Favicon
[ 2014-01-19T21:02:14+08:00 ] ERR: (ThinkException) 无法加载模块:Favicon
[ 2014-01-19T21:02:29+08:00 ] ERR: (ThinkException) 无法加载模块:Favicon
[ 2014-01-19T21:02:41+08:00 ] ERR: (ThinkException) 无法加载模块:Favicon
[ 2014-01-19T21:02:43+08:00 ] ERR: (ThinkException) 无法加载模块:Favicon
[ 2014-01-19T21:02:45+08:00 ] ERR: (ThinkException) 无法加载模块:Favicon
[ 2014-01-19T21:02:47+08:00 ] ERR: (ThinkException) 无法加载模块:Favicon
[ 2014-01-19T21:02:47+08:00 ] ERR: (ThinkException) 无法加载模块:Favicon
[ 2014-01-19T21:03:29+08:00 ] ERR: (ThinkException) 无法加载模块:Favicon
[ 2014-01-19T21:03:31+08:00 ] ERR: (ThinkException) 无法加载模块:Favicon
[ 2014-01-19T21:03:34+08:00 ] ERR: (ThinkException) 无法加载模块:Favicon
[ 2014-01-19T21:03:40+08:00 ] ERR: (ThinkException) 无法加载模块:Favicon
[ 2014-01-19T21:04:12+08:00 ] ERR: (ThinkException) 无法加载模块:Favicon
[ 2014-01-19T21:04:18+08:00 ] ERR: (ThinkException) 无法加载模块:Favicon
[ 2014-01-19T21:06:15+08:00 ] ERR: (ThinkException) 无法加载模块:Favicon
[ 2014-01-19T21:06:17+08:00 ] ERR: (ThinkException) 无法加载模块:Favicon
[ 2014-01-19T21:06:22+08:00 ] ERR: (ThinkException) 无法加载模块:Favicon
[ 2014-01-19T21:10:21+08:00 ] ERR: (ThinkException) 无法加载模块:Favicon
[ 2014-01-19T21:10:25+08:00 ] ERR: (ThinkException) 无法加载模块:Favicon
[ 2014-01-19T21:10:26+08:00 ] ERR: (ThinkException) 无法加载模块:Favicon
[ 2014-01-19T21:11:51+08:00 ] ERR: (ThinkException) 无法加载模块:Favicon
[ 2014-01-19T21:12:09+08:00 ] ERR: (ThinkException) 无法加载模块:Favicon
[ 2014-01-19T21:12:42+08:00 ] 0.0.0.0 /category/carlos-santana-black-pumps
INFO: [ route_check ] --START--
INFO: Run CheckRoute Behavior [ RunTime:0.000542s ]
INFO: [ route_check ] --END-- [ RunTime:0.000614s ]
INFO: [ app_begin ] --START--
INFO: Run ReadHtmlCache Behavior [ RunTime:0.000388s ]
INFO: [ app_begin ] --END-- [ RunTime:0.000433s ]
SQL: PRAGMA table_info (keyword)  [ RunTime:0.000232s ]
SQL: select word from keyword WHERE word MATCH 'carlos santana black pumps' LIMIT 1,8 [ RunTime:0.000727s ]
SQL: SELECT * FROM keyword ORDER BY RANDOM() LIMIT 8 [ RunTime:0.001589s ]
SQL: SELECT * FROM keyword ORDER BY RANDOM() LIMIT 20 [ RunTime:0.001689s ]
INFO: [ view_template ] --START--
INFO: Run LocationTemplate Behavior [ RunTime:0.000227s ]
INFO: [ view_template ] --END-- [ RunTime:0.000268s ]
INFO: [ view_parse ] --START--
INFO: Run ParseTemplate Behavior [ RunTime:0.009648s ]
INFO: [ view_parse ] --END-- [ RunTime:0.009730s ]
INFO: [ view_filter ] --START--
INFO: Run ContentReplace Behavior [ RunTime:0.000364s ]
INFO: Run TokenBuild Behavior [ RunTime:0.000233s ]
INFO: Run WriteHtmlCache Behavior [ RunTime:0.000142s ]
INFO: Run ShowRuntime Behavior [ RunTime:0.000242s ]
INFO: [ view_filter ] --END-- [ RunTime:0.001120s ]
INFO: [ view_end ] --START--
INFO: Run ShowPageTrace Behavior [ RunTime:0.000300s ]
INFO: [ view_end ] --END-- [ RunTime:0.000335s ]

[ 2014-01-19T21:12:42+08:00 ] ERR: (ThinkException) 无法加载模块:Favicon
[ 2014-01-19T21:12:48+08:00 ] 0.0.0.0 /category/animal-print-pumps
INFO: [ route_check ] --START--
INFO: Run CheckRoute Behavior [ RunTime:0.000405s ]
INFO: [ route_check ] --END-- [ RunTime:0.000455s ]
INFO: [ app_begin ] --START--
INFO: Run ReadHtmlCache Behavior [ RunTime:0.000399s ]
INFO: [ app_begin ] --END-- [ RunTime:0.000452s ]
SQL: PRAGMA table_info (keyword)  [ RunTime:0.000199s ]
SQL: select word from keyword WHERE word MATCH 'animal print pumps' LIMIT 1,8 [ RunTime:0.000654s ]
SQL: SELECT * FROM keyword ORDER BY RANDOM() LIMIT 20 [ RunTime:0.002422s ]
INFO: [ view_template ] --START--
INFO: Run LocationTemplate Behavior [ RunTime:0.000268s ]
INFO: [ view_template ] --END-- [ RunTime:0.000311s ]
INFO: [ view_parse ] --START--
INFO: Run ParseTemplate Behavior [ RunTime:0.009419s ]
INFO: [ view_parse ] --END-- [ RunTime:0.009505s ]
INFO: [ view_filter ] --START--
INFO: Run ContentReplace Behavior [ RunTime:0.000226s ]
INFO: Run TokenBuild Behavior [ RunTime:0.000179s ]
INFO: Run WriteHtmlCache Behavior [ RunTime:0.000112s ]
INFO: Run ShowRuntime Behavior [ RunTime:0.000202s ]
INFO: [ view_filter ] --END-- [ RunTime:0.000824s ]
INFO: [ view_end ] --START--
INFO: Run ShowPageTrace Behavior [ RunTime:0.000296s ]
INFO: [ view_end ] --END-- [ RunTime:0.000327s ]

[ 2014-01-19T21:12:48+08:00 ] ERR: (ThinkException) 无法加载模块:Favicon
[ 2014-01-19T21:12:53+08:00 ] 0.0.0.0 /detail/Jessica-Simpson-Women-s-Topazio2-Platform-Pump_B007VMGHMK
INFO: [ route_check ] --START--
INFO: Run CheckRoute Behavior [ RunTime:0.000476s ]
INFO: [ route_check ] --END-- [ RunTime:0.000550s ]
INFO: [ app_begin ] --START--
INFO: Run ReadHtmlCache Behavior [ RunTime:0.000337s ]
INFO: [ app_begin ] --END-- [ RunTime:0.000385s ]
SQL: PRAGMA table_info (keyword)  [ RunTime:0.000216s ]
SQL: SELECT * FROM keyword ORDER BY RANDOM() LIMIT 20 [ RunTime:0.001858s ]
NOTIC: [8] Undefined variable: editorreview /Applications/MAMP/htdocs/app/Lib/Action/IndexAction.class.php 第 233 行.
INFO: [ view_template ] --START--
INFO: Run LocationTemplate Behavior [ RunTime:0.000239s ]
INFO: [ view_template ] --END-- [ RunTime:0.000282s ]
INFO: [ view_parse ] --START--
INFO: Run ParseTemplate Behavior [ RunTime:0.033011s ]
INFO: [ view_parse ] --END-- [ RunTime:0.033072s ]
INFO: [ view_filter ] --START--
INFO: Run ContentReplace Behavior [ RunTime:0.000206s ]
INFO: Run TokenBuild Behavior [ RunTime:0.000201s ]
INFO: Run WriteHtmlCache Behavior [ RunTime:0.000116s ]
INFO: Run ShowRuntime Behavior [ RunTime:0.000307s ]
INFO: [ view_filter ] --END-- [ RunTime:0.000960s ]
INFO: [ view_end ] --START--
INFO: Run ShowPageTrace Behavior [ RunTime:0.000411s ]
INFO: [ view_end ] --END-- [ RunTime:0.000453s ]

[ 2014-01-19T21:12:58+08:00 ] 0.0.0.0 /category/red-heels-pumps
INFO: [ route_check ] --START--
INFO: Run CheckRoute Behavior [ RunTime:0.000409s ]
INFO: [ route_check ] --END-- [ RunTime:0.000460s ]
INFO: [ app_begin ] --START--
INFO: Run ReadHtmlCache Behavior [ RunTime:0.000223s ]
INFO: [ app_begin ] --END-- [ RunTime:0.000257s ]
SQL: PRAGMA table_info (keyword)  [ RunTime:0.000348s ]
SQL: select word from keyword WHERE word MATCH 'red heels pumps' LIMIT 1,8 [ RunTime:0.001170s ]
SQL: SELECT * FROM keyword ORDER BY RANDOM() LIMIT 20 [ RunTime:0.002086s ]
INFO: [ view_template ] --START--
INFO: Run LocationTemplate Behavior [ RunTime:0.000455s ]
INFO: [ view_template ] --END-- [ RunTime:0.000535s ]
INFO: [ view_parse ] --START--
INFO: Run ParseTemplate Behavior [ RunTime:0.010268s ]
INFO: [ view_parse ] --END-- [ RunTime:0.010335s ]
INFO: [ view_filter ] --START--
INFO: Run ContentReplace Behavior [ RunTime:0.000232s ]
INFO: Run TokenBuild Behavior [ RunTime:0.000187s ]
INFO: Run WriteHtmlCache Behavior [ RunTime:0.000118s ]
INFO: Run ShowRuntime Behavior [ RunTime:0.000209s ]
INFO: [ view_filter ] --END-- [ RunTime:0.000846s ]
INFO: [ view_end ] --START--
INFO: Run ShowPageTrace Behavior [ RunTime:0.000277s ]
INFO: [ view_end ] --END-- [ RunTime:0.000308s ]

[ 2014-01-19T21:12:58+08:00 ] ERR: (ThinkException) 无法加载模块:Favicon
[ 2014-01-19T21:12:58+08:00 ] ERR: (ThinkException) 无法加载模块:Favicon
[ 2014-01-19T21:12:58+08:00 ] ERR: (ThinkException) 无法加载模块:Favicon
[ 2014-01-19T21:12:59+08:00 ] ERR: (ThinkException) 无法加载模块:Favicon
[ 2014-01-19T21:12:59+08:00 ] ERR: (ThinkException) 无法加载模块:Favicon
[ 2014-01-19T21:12:59+08:00 ] ERR: (ThinkException) 无法加载模块:Favicon
[ 2014-01-19T21:12:59+08:00 ] ERR: (ThinkException) 无法加载模块:Favicon
[ 2014-01-19T21:13:16+08:00 ] 0.0.0.0 /detail/Jessica-Simpson-Women-s-Topazio2-Platform-Pump_B007VMGHMK
INFO: [ route_check ] --START--
INFO: Run CheckRoute Behavior [ RunTime:0.000431s ]
INFO: [ route_check ] --END-- [ RunTime:0.000499s ]
INFO: [ app_begin ] --START--
INFO: Run ReadHtmlCache Behavior [ RunTime:0.000225s ]
INFO: [ app_begin ] --END-- [ RunTime:0.000260s ]
SQL: PRAGMA table_info (keyword)  [ RunTime:0.000265s ]
SQL: SELECT * FROM keyword ORDER BY RANDOM() LIMIT 20 [ RunTime:0.001791s ]
NOTIC: [8] Undefined variable: editorreview /Applications/MAMP/htdocs/app/Lib/Action/IndexAction.class.php 第 233 行.
INFO: [ view_template ] --START--
INFO: Run LocationTemplate Behavior [ RunTime:0.000200s ]
INFO: [ view_template ] --END-- [ RunTime:0.000237s ]
INFO: [ view_parse ] --START--
INFO: Run ParseTemplate Behavior [ RunTime:0.009899s ]
INFO: [ view_parse ] --END-- [ RunTime:0.009957s ]
INFO: [ view_filter ] --START--
INFO: Run ContentReplace Behavior [ RunTime:0.000213s ]
INFO: Run TokenBuild Behavior [ RunTime:0.000176s ]
INFO: Run WriteHtmlCache Behavior [ RunTime:0.000111s ]
INFO: Run ShowRuntime Behavior [ RunTime:0.000204s ]
INFO: [ view_filter ] --END-- [ RunTime:0.000806s ]
INFO: [ view_end ] --START--
INFO: Run ShowPageTrace Behavior [ RunTime:0.000271s ]
INFO: [ view_end ] --END-- [ RunTime:0.000302s ]

[ 2014-01-19T21:13:21+08:00 ] 0.0.0.0 /category/carlos-santana-black-pumps
INFO: [ route_check ] --START--
INFO: Run CheckRoute Behavior [ RunTime:0.000485s ]
INFO: [ route_check ] --END-- [ RunTime:0.000559s ]
INFO: [ app_begin ] --START--
INFO: Run ReadHtmlCache Behavior [ RunTime:0.000256s ]
INFO: [ app_begin ] --END-- [ RunTime:0.000293s ]
SQL: PRAGMA table_info (keyword)  [ RunTime:0.000287s ]
SQL: select word from keyword WHERE word MATCH 'carlos santana black pumps' LIMIT 1,8 [ RunTime:0.000761s ]
SQL: SELECT * FROM keyword ORDER BY RANDOM() LIMIT 8 [ RunTime:0.002107s ]
SQL: SELECT * FROM keyword ORDER BY RANDOM() LIMIT 20 [ RunTime:0.002019s ]
INFO: [ view_template ] --START--
INFO: Run LocationTemplate Behavior [ RunTime:0.000328s ]
INFO: [ view_template ] --END-- [ RunTime:0.000379s ]
INFO: [ view_parse ] --START--
INFO: Run ParseTemplate Behavior [ RunTime:0.009709s ]
INFO: [ view_parse ] --END-- [ RunTime:0.009768s ]
INFO: [ view_filter ] --START--
INFO: Run ContentReplace Behavior [ RunTime:0.000215s ]
INFO: Run TokenBuild Behavior [ RunTime:0.000173s ]
INFO: Run WriteHtmlCache Behavior [ RunTime:0.000107s ]
INFO: Run ShowRuntime Behavior [ RunTime:0.000196s ]
INFO: [ view_filter ] --END-- [ RunTime:0.000787s ]
INFO: [ view_end ] --START--
INFO: Run ShowPageTrace Behavior [ RunTime:0.000266s ]
INFO: [ view_end ] --END-- [ RunTime:0.000296s ]

[ 2014-01-19T21:13:21+08:00 ] ERR: (ThinkException) 无法加载模块:Favicon
[ 2014-01-19T21:13:21+08:00 ] ERR: (ThinkException) 无法加载模块:Favicon
[ 2014-01-19T21:14:10+08:00 ] 0.0.0.0 /detail/Honeystore-Women-s-Peep-Toe-Bows-Snake-Pattern-Leather-Pump_B00GQXR1VG
INFO: [ route_check ] --START--
INFO: Run CheckRoute Behavior [ RunTime:0.000462s ]
INFO: [ route_check ] --END-- [ RunTime:0.000531s ]
INFO: [ app_begin ] --START--
INFO: Run ReadHtmlCache Behavior [ RunTime:0.000301s ]
INFO: [ app_begin ] --END-- [ RunTime:0.000337s ]
SQL: PRAGMA table_info (keyword)  [ RunTime:0.000213s ]
SQL: SELECT * FROM keyword ORDER BY RANDOM() LIMIT 20 [ RunTime:0.001794s ]
NOTIC: [8] Undefined variable: editorreview /Applications/MAMP/htdocs/app/Lib/Action/IndexAction.class.php 第 233 行.
INFO: [ view_template ] --START--
INFO: Run LocationTemplate Behavior [ RunTime:0.000222s ]
INFO: [ view_template ] --END-- [ RunTime:0.000272s ]
INFO: [ view_parse ] --START--
INFO: Run ParseTemplate Behavior [ RunTime:0.009492s ]
INFO: [ view_parse ] --END-- [ RunTime:0.009547s ]
INFO: [ view_filter ] --START--
INFO: Run ContentReplace Behavior [ RunTime:0.000216s ]
INFO: Run TokenBuild Behavior [ RunTime:0.000188s ]
INFO: Run WriteHtmlCache Behavior [ RunTime:0.000179s ]
INFO: Run ShowRuntime Behavior [ RunTime:0.000225s ]
INFO: [ view_filter ] --END-- [ RunTime:0.000924s ]
INFO: [ view_end ] --START--
INFO: Run ShowPageTrace Behavior [ RunTime:0.000275s ]
INFO: [ view_end ] --END-- [ RunTime:0.000306s ]

[ 2014-01-19T21:14:11+08:00 ] ERR: (ThinkException) 无法加载模块:Favicon
[ 2014-01-19T21:14:11+08:00 ] ERR: (ThinkException) 无法加载模块:Favicon
[ 2014-01-19T21:15:35+08:00 ] 0.0.0.0 /category/carlos-santana-black-pumps
INFO: [ route_check ] --START--
INFO: Run CheckRoute Behavior [ RunTime:0.000414s ]
INFO: [ route_check ] --END-- [ RunTime:0.000471s ]
INFO: [ app_begin ] --START--
INFO: Run ReadHtmlCache Behavior [ RunTime:0.000224s ]
INFO: [ app_begin ] --END-- [ RunTime:0.000259s ]
SQL: PRAGMA table_info (keyword)  [ RunTime:0.000271s ]
SQL: select word from keyword WHERE word MATCH 'carlos santana black pumps' LIMIT 1,8 [ RunTime:0.000757s ]
SQL: SELECT * FROM keyword ORDER BY RANDOM() LIMIT 8 [ RunTime:0.001827s ]
SQL: SELECT * FROM keyword ORDER BY RANDOM() LIMIT 20 [ RunTime:0.001753s ]
INFO: [ view_template ] --START--
INFO: Run LocationTemplate Behavior [ RunTime:0.000259s ]
INFO: [ view_template ] --END-- [ RunTime:0.000304s ]
INFO: [ view_parse ] --START--
INFO: Run ParseTemplate Behavior [ RunTime:0.008906s ]
INFO: [ view_parse ] --END-- [ RunTime:0.008962s ]
INFO: [ view_filter ] --START--
INFO: Run ContentReplace Behavior [ RunTime:0.000218s ]
INFO: Run TokenBuild Behavior [ RunTime:0.000174s ]
INFO: Run WriteHtmlCache Behavior [ RunTime:0.000110s ]
INFO: Run ShowRuntime Behavior [ RunTime:0.000200s ]
INFO: [ view_filter ] --END-- [ RunTime:0.000797s ]
INFO: [ view_end ] --START--
INFO: Run ShowPageTrace Behavior [ RunTime:0.000269s ]
INFO: [ view_end ] --END-- [ RunTime:0.000299s ]

[ 2014-01-19T21:15:41+08:00 ] 0.0.0.0 /category/animal-print-pumps
INFO: [ route_check ] --START--
INFO: Run CheckRoute Behavior [ RunTime:0.000609s ]
INFO: [ route_check ] --END-- [ RunTime:0.000677s ]
INFO: [ app_begin ] --START--
INFO: Run ReadHtmlCache Behavior [ RunTime:0.000301s ]
INFO: [ app_begin ] --END-- [ RunTime:0.000342s ]
SQL: PRAGMA table_info (keyword)  [ RunTime:0.000311s ]
SQL: select word from keyword WHERE word MATCH 'animal print pumps' LIMIT 1,8 [ RunTime:0.001115s ]
SQL: SELECT * FROM keyword ORDER BY RANDOM() LIMIT 20 [ RunTime:0.002105s ]
INFO: [ view_template ] --START--
INFO: Run LocationTemplate Behavior [ RunTime:0.000262s ]
INFO: [ view_template ] --END-- [ RunTime:0.000304s ]
INFO: [ view_parse ] --START--
INFO: Run ParseTemplate Behavior [ RunTime:0.009268s ]
INFO: [ view_parse ] --END-- [ RunTime:0.009323s ]
INFO: [ view_filter ] --START--
INFO: Run ContentReplace Behavior [ RunTime:0.000377s ]
INFO: Run TokenBuild Behavior [ RunTime:0.000309s ]
INFO: Run WriteHtmlCache Behavior [ RunTime:0.000170s ]
INFO: Run ShowRuntime Behavior [ RunTime:0.000208s ]
INFO: [ view_filter ] --END-- [ RunTime:0.001201s ]
INFO: [ view_end ] --START--
INFO: Run ShowPageTrace Behavior [ RunTime:0.000284s ]
INFO: [ view_end ] --END-- [ RunTime:0.000316s ]

[ 2014-01-19T21:15:41+08:00 ] ERR: (ThinkException) 无法加载模块:Favicon
[ 2014-01-19T21:15:41+08:00 ] ERR: (ThinkException) 无法加载模块:Favicon
[ 2014-01-19T21:15:48+08:00 ] 0.0.0.0 /category/red-heels-pumps
INFO: [ route_check ] --START--
INFO: Run CheckRoute Behavior [ RunTime:0.000528s ]
INFO: [ route_check ] --END-- [ RunTime:0.000593s ]
INFO: [ app_begin ] --START--
INFO: Run ReadHtmlCache Behavior [ RunTime:0.000446s ]
INFO: [ app_begin ] --END-- [ RunTime:0.000511s ]
SQL: PRAGMA table_info (keyword)  [ RunTime:0.000207s ]
SQL: select word from keyword WHERE word MATCH 'red heels pumps' LIMIT 1,8 [ RunTime:0.000706s ]
SQL: SELECT * FROM keyword ORDER BY RANDOM() LIMIT 20 [ RunTime:0.002097s ]
INFO: [ view_template ] --START--
INFO: Run LocationTemplate Behavior [ RunTime:0.000221s ]
INFO: [ view_template ] --END-- [ RunTime:0.000262s ]
INFO: [ view_parse ] --START--
INFO: Run ParseTemplate Behavior [ RunTime:0.010293s ]
INFO: [ view_parse ] --END-- [ RunTime:0.010346s ]
INFO: [ view_filter ] --START--
INFO: Run ContentReplace Behavior [ RunTime:0.000249s ]
INFO: Run TokenBuild Behavior [ RunTime:0.000246s ]
INFO: Run WriteHtmlCache Behavior [ RunTime:0.000131s ]
INFO: Run ShowRuntime Behavior [ RunTime:0.000239s ]
INFO: [ view_filter ] --END-- [ RunTime:0.000982s ]
INFO: [ view_end ] --START--
INFO: Run ShowPageTrace Behavior [ RunTime:0.000379s ]
INFO: [ view_end ] --END-- [ RunTime:0.000428s ]

[ 2014-01-19T21:15:48+08:00 ] ERR: (ThinkException) 无法加载模块:Favicon
[ 2014-01-19T21:15:48+08:00 ] ERR: (ThinkException) 无法加载模块:Favicon
[ 2014-01-19T21:15:49+08:00 ] ERR: (ThinkException) 无法加载模块:Favicon
[ 2014-01-19T21:15:49+08:00 ] ERR: (ThinkException) 无法加载模块:Favicon
[ 2014-01-19T21:15:51+08:00 ] ERR: (ThinkException) 无法加载模块:Favicon
[ 2014-01-19T21:16:02+08:00 ] 0.0.0.0 /detail/Nine-West-Women-s-Hellsfire-Pump_B00AO1GRQG
INFO: [ route_check ] --START--
INFO: Run CheckRoute Behavior [ RunTime:0.000852s ]
INFO: [ route_check ] --END-- [ RunTime:0.000982s ]
INFO: [ app_begin ] --START--
INFO: Run ReadHtmlCache Behavior [ RunTime:0.000483s ]
INFO: [ app_begin ] --END-- [ RunTime:0.000556s ]
SQL: PRAGMA table_info (keyword)  [ RunTime:0.000488s ]
SQL: SELECT * FROM keyword ORDER BY RANDOM() LIMIT 20 [ RunTime:0.004155s ]
NOTIC: [8] Undefined variable: editorreview /Applications/MAMP/htdocs/app/Lib/Action/IndexAction.class.php 第 233 行.
INFO: [ view_template ] --START--
INFO: Run LocationTemplate Behavior [ RunTime:0.000407s ]
INFO: [ view_template ] --END-- [ RunTime:0.000488s ]
INFO: [ view_parse ] --START--
INFO: Run ParseTemplate Behavior [ RunTime:0.018835s ]
INFO: [ view_parse ] --END-- [ RunTime:0.018933s ]
INFO: [ view_filter ] --START--
INFO: Run ContentReplace Behavior [ RunTime:0.000273s ]
INFO: Run TokenBuild Behavior [ RunTime:0.000228s ]
INFO: Run WriteHtmlCache Behavior [ RunTime:0.000175s ]
INFO: Run ShowRuntime Behavior [ RunTime:0.000320s ]
INFO: [ view_filter ] --END-- [ RunTime:0.001168s ]
INFO: [ view_end ] --START--
INFO: Run ShowPageTrace Behavior [ RunTime:0.000505s ]
INFO: [ view_end ] --END-- [ RunTime:0.000571s ]

[ 2014-01-19T21:16:06+08:00 ] 0.0.0.0 /detail/Ollio-Women-s-Winter-Leopard-Two-tone-Ankle-Band-High-Heel-Shoe-Pump_B00GOA1EUA
INFO: [ route_check ] --START--
INFO: Run CheckRoute Behavior [ RunTime:0.000877s ]
INFO: [ route_check ] --END-- [ RunTime:0.000979s ]
INFO: [ app_begin ] --START--
INFO: Run ReadHtmlCache Behavior [ RunTime:0.000527s ]
INFO: [ app_begin ] --END-- [ RunTime:0.000605s ]
SQL: PRAGMA table_info (keyword)  [ RunTime:0.000197s ]
SQL: SELECT * FROM keyword ORDER BY RANDOM() LIMIT 20 [ RunTime:0.002004s ]
NOTIC: [8] Undefined variable: editorreview /Applications/MAMP/htdocs/app/Lib/Action/IndexAction.class.php 第 233 行.
INFO: [ view_template ] --START--
INFO: Run LocationTemplate Behavior [ RunTime:0.000262s ]
INFO: [ view_template ] --END-- [ RunTime:0.000298s ]
INFO: [ view_parse ] --START--
INFO: Run ParseTemplate Behavior [ RunTime:0.011994s ]
INFO: [ view_parse ] --END-- [ RunTime:0.012101s ]
INFO: [ view_filter ] --START--
INFO: Run ContentReplace Behavior [ RunTime:0.000248s ]
INFO: Run TokenBuild Behavior [ RunTime:0.000192s ]
INFO: Run WriteHtmlCache Behavior [ RunTime:0.000119s ]
INFO: Run ShowRuntime Behavior [ RunTime:0.000221s ]
INFO: [ view_filter ] --END-- [ RunTime:0.000892s ]
INFO: [ view_end ] --START--
INFO: Run ShowPageTrace Behavior [ RunTime:0.000292s ]
INFO: [ view_end ] --END-- [ RunTime:0.000335s ]

[ 2014-01-19T21:16:11+08:00 ] 0.0.0.0 /detail/indigo-by-Clarks-Women-s-Sage-Cooper-Pump_B00ARC3SFK
INFO: [ route_check ] --START--
INFO: Run CheckRoute Behavior [ RunTime:0.000743s ]
INFO: [ route_check ] --END-- [ RunTime:0.000839s ]
INFO: [ app_begin ] --START--
INFO: Run ReadHtmlCache Behavior [ RunTime:0.000304s ]
INFO: [ app_begin ] --END-- [ RunTime:0.000347s ]
SQL: PRAGMA table_info (keyword)  [ RunTime:0.000216s ]
SQL: SELECT * FROM keyword ORDER BY RANDOM() LIMIT 20 [ RunTime:0.002021s ]
NOTIC: [8] Undefined variable: editorreview /Applications/MAMP/htdocs/app/Lib/Action/IndexAction.class.php 第 233 行.
INFO: [ view_template ] --START--
INFO: Run LocationTemplate Behavior [ RunTime:0.000256s ]
INFO: [ view_template ] --END-- [ RunTime:0.000295s ]
INFO: [ view_parse ] --START--
INFO: Run ParseTemplate Behavior [ RunTime:0.010433s ]
INFO: [ view_parse ] --END-- [ RunTime:0.010500s ]
INFO: [ view_filter ] --START--
INFO: Run ContentReplace Behavior [ RunTime:0.000213s ]
INFO: Run TokenBuild Behavior [ RunTime:0.000171s ]
INFO: Run WriteHtmlCache Behavior [ RunTime:0.000108s ]
INFO: Run ShowRuntime Behavior [ RunTime:0.000203s ]
INFO: [ view_filter ] --END-- [ RunTime:0.000794s ]
INFO: [ view_end ] --START--
INFO: Run ShowPageTrace Behavior [ RunTime:0.000260s ]
INFO: [ view_end ] --END-- [ RunTime:0.000289s ]

[ 2014-01-19T21:16:11+08:00 ] ERR: (ThinkException) 无法加载模块:Favicon
[ 2014-01-19T21:16:15+08:00 ] ERR: (ThinkException) 无法加载模块:Favicon
[ 2014-01-19T21:16:31+08:00 ] ERR: (ThinkException) 无法加载模块:Favicon
[ 2014-01-19T21:16:49+08:00 ] 0.0.0.0 /category/animal-print-pumps
INFO: [ route_check ] --START--
INFO: Run CheckRoute Behavior [ RunTime:0.000433s ]
INFO: [ route_check ] --END-- [ RunTime:0.000484s ]
INFO: [ app_begin ] --START--
INFO: Run ReadHtmlCache Behavior [ RunTime:0.000268s ]
INFO: [ app_begin ] --END-- [ RunTime:0.000305s ]
SQL: PRAGMA table_info (keyword)  [ RunTime:0.000241s ]
SQL: select word from keyword WHERE word MATCH 'animal print pumps' LIMIT 1,8 [ RunTime:0.000744s ]
SQL: SELECT * FROM keyword ORDER BY RANDOM() LIMIT 20 [ RunTime:0.001706s ]
INFO: [ view_template ] --START--
INFO: Run LocationTemplate Behavior [ RunTime:0.000216s ]
INFO: [ view_template ] --END-- [ RunTime:0.000255s ]
INFO: [ view_parse ] --START--
INFO: Run ParseTemplate Behavior [ RunTime:0.007872s ]
INFO: [ view_parse ] --END-- [ RunTime:0.007927s ]
INFO: [ view_filter ] --START--
INFO: Run ContentReplace Behavior [ RunTime:0.000219s ]
INFO: Run TokenBuild Behavior [ RunTime:0.000181s ]
INFO: Run WriteHtmlCache Behavior [ RunTime:0.000115s ]
INFO: Run ShowRuntime Behavior [ RunTime:0.000203s ]
INFO: [ view_filter ] --END-- [ RunTime:0.000817s ]
INFO: [ view_end ] --START--
INFO: Run ShowPageTrace Behavior [ RunTime:0.000299s ]
INFO: [ view_end ] --END-- [ RunTime:0.000331s ]

[ 2014-01-19T21:16:53+08:00 ] 0.0.0.0 /category/animal-print-ballet-pumps
INFO: [ route_check ] --START--
INFO: Run CheckRoute Behavior [ RunTime:0.000471s ]
INFO: [ route_check ] --END-- [ RunTime:0.000535s ]
INFO: [ app_begin ] --START--
INFO: Run ReadHtmlCache Behavior [ RunTime:0.000421s ]
INFO: [ app_begin ] --END-- [ RunTime:0.000594s ]
SQL: PRAGMA table_info (keyword)  [ RunTime:0.000197s ]
SQL: select word from keyword WHERE word MATCH 'animal print ballet pumps' LIMIT 1,8 [ RunTime:0.000747s ]
SQL: SELECT * FROM keyword ORDER BY RANDOM() LIMIT 8 [ RunTime:0.001696s ]
SQL: SELECT * FROM keyword ORDER BY RANDOM() LIMIT 20 [ RunTime:0.001656s ]
INFO: [ view_template ] --START--
INFO: Run LocationTemplate Behavior [ RunTime:0.000209s ]
INFO: [ view_template ] --END-- [ RunTime:0.000245s ]
INFO: [ view_parse ] --START--
INFO: Run ParseTemplate Behavior [ RunTime:0.007589s ]
INFO: [ view_parse ] --END-- [ RunTime:0.007640s ]
INFO: [ view_filter ] --START--
INFO: Run ContentReplace Behavior [ RunTime:0.000190s ]
INFO: Run TokenBuild Behavior [ RunTime:0.000196s ]
INFO: Run WriteHtmlCache Behavior [ RunTime:0.000134s ]
INFO: Run ShowRuntime Behavior [ RunTime:0.000198s ]
INFO: [ view_filter ] --END-- [ RunTime:0.000838s ]
INFO: [ view_end ] --START--
INFO: Run ShowPageTrace Behavior [ RunTime:0.000273s ]
INFO: [ view_end ] --END-- [ RunTime:0.000306s ]

[ 2014-01-19T21:16:55+08:00 ] ERR: (ThinkException) 无法加载模块:Favicon
[ 2014-01-19T21:16:56+08:00 ] ERR: (ThinkException) 无法加载模块:Favicon
[ 2014-01-19T21:17:15+08:00 ] 0.0.0.0 /category/chanel-black-pumps
INFO: [ route_check ] --START--
INFO: Run CheckRoute Behavior [ RunTime:0.000545s ]
INFO: [ route_check ] --END-- [ RunTime:0.000618s ]
INFO: [ app_begin ] --START--
INFO: Run ReadHtmlCache Behavior [ RunTime:0.000444s ]
INFO: [ app_begin ] --END-- [ RunTime:0.000550s ]
SQL: PRAGMA table_info (keyword)  [ RunTime:0.000207s ]
SQL: select word from keyword WHERE word MATCH 'chanel black pumps' LIMIT 1,8 [ RunTime:0.001084s ]
SQL: SELECT * FROM keyword ORDER BY RANDOM() LIMIT 8 [ RunTime:0.002567s ]
SQL: SELECT * FROM keyword ORDER BY RANDOM() LIMIT 20 [ RunTime:0.001770s ]
INFO: [ view_template ] --START--
INFO: Run LocationTemplate Behavior [ RunTime:0.000279s ]
INFO: [ view_template ] --END-- [ RunTime:0.000325s ]
INFO: [ view_parse ] --START--
INFO: Run ParseTemplate Behavior [ RunTime:0.009754s ]
INFO: [ view_parse ] --END-- [ RunTime:0.009826s ]
INFO: [ view_filter ] --START--
INFO: Run ContentReplace Behavior [ RunTime:0.000390s ]
INFO: Run TokenBuild Behavior [ RunTime:0.000264s ]
INFO: Run WriteHtmlCache Behavior [ RunTime:0.000125s ]
INFO: Run ShowRuntime Behavior [ RunTime:0.000211s ]
INFO: [ view_filter ] --END-- [ RunTime:0.001149s ]
INFO: [ view_end ] --START--
INFO: Run ShowPageTrace Behavior [ RunTime:0.000286s ]
INFO: [ view_end ] --END-- [ RunTime:0.000319s ]

[ 2014-01-19T21:17:16+08:00 ] ERR: (ThinkException) 无法加载模块:Favicon
[ 2014-01-19T21:17:17+08:00 ] ERR: (ThinkException) 无法加载模块:Favicon
[ 2014-01-19T21:17:19+08:00 ] ERR: (ThinkException) 无法加载模块:Favicon
[ 2014-01-19T21:17:19+08:00 ] ERR: (ThinkException) 无法加载模块:Favicon
[ 2014-01-19T21:17:23+08:00 ] 0.0.0.0 /detail/Nine-West-Women-s-Flax-Pump_B004MXP06U
INFO: [ route_check ] --START--
INFO: Run CheckRoute Behavior [ RunTime:0.000469s ]
INFO: [ route_check ] --END-- [ RunTime:0.000533s ]
INFO: [ app_begin ] --START--
INFO: Run ReadHtmlCache Behavior [ RunTime:0.000227s ]
INFO: [ app_begin ] --END-- [ RunTime:0.000262s ]
SQL: PRAGMA table_info (keyword)  [ RunTime:0.000205s ]
SQL: SELECT * FROM keyword ORDER BY RANDOM() LIMIT 20 [ RunTime:0.001999s ]
NOTIC: [8] Undefined variable: editorreview /Applications/MAMP/htdocs/app/Lib/Action/IndexAction.class.php 第 233 行.
INFO: [ view_template ] --START--
INFO: Run LocationTemplate Behavior [ RunTime:0.000284s ]
INFO: [ view_template ] --END-- [ RunTime:0.000337s ]
INFO: [ view_parse ] --START--
INFO: Run ParseTemplate Behavior [ RunTime:0.010759s ]
INFO: [ view_parse ] --END-- [ RunTime:0.011005s ]
INFO: [ view_filter ] --START--
INFO: Run ContentReplace Behavior [ RunTime:0.000224s ]
INFO: Run TokenBuild Behavior [ RunTime:0.000172s ]
INFO: Run WriteHtmlCache Behavior [ RunTime:0.000106s ]
INFO: Run ShowRuntime Behavior [ RunTime:0.000200s ]
INFO: [ view_filter ] --END-- [ RunTime:0.000814s ]
INFO: [ view_end ] --START--
INFO: Run ShowPageTrace Behavior [ RunTime:0.000285s ]
INFO: [ view_end ] --END-- [ RunTime:0.000319s ]

[ 2014-01-19T21:17:31+08:00 ] ERR: (ThinkException) 无法加载模块:Favicon
[ 2014-01-19T21:17:32+08:00 ] ERR: (ThinkException) 无法加载模块:Favicon
[ 2014-01-19T21:17:50+08:00 ] 0.0.0.0 /letter/v
INFO: [ route_check ] --START--
INFO: Run CheckRoute Behavior [ RunTime:0.000474s ]
INFO: [ route_check ] --END-- [ RunTime:0.000544s ]
INFO: [ app_begin ] --START--
INFO: Run ReadHtmlCache Behavior [ RunTime:0.000406s ]
INFO: [ app_begin ] --END-- [ RunTime:0.000462s ]
SQL: PRAGMA table_info (keyword)  [ RunTime:0.000295s ]
SQL: select word from keyword where word like 'v%' [ RunTime:0.000185s ]
SQL: SELECT * FROM keyword ORDER BY RANDOM() LIMIT 20 [ RunTime:0.002541s ]
INFO: [ view_template ] --START--
INFO: Run LocationTemplate Behavior [ RunTime:0.000329s ]
INFO: [ view_template ] --END-- [ RunTime:0.000398s ]
INFO: [ view_parse ] --START--
INFO: Run ParseTemplate Behavior [ RunTime:0.008231s ]
INFO: [ view_parse ] --END-- [ RunTime:0.008310s ]
INFO: [ view_filter ] --START--
INFO: Run ContentReplace Behavior [ RunTime:0.000249s ]
INFO: Run TokenBuild Behavior [ RunTime:0.000194s ]
INFO: Run WriteHtmlCache Behavior [ RunTime:0.000122s ]
INFO: Run ShowRuntime Behavior [ RunTime:0.000212s ]
INFO: [ view_filter ] --END-- [ RunTime:0.000879s ]
INFO: [ view_end ] --START--
INFO: Run ShowPageTrace Behavior [ RunTime:0.000329s ]
INFO: [ view_end ] --END-- [ RunTime:0.000376s ]

[ 2014-01-19T21:17:50+08:00 ] ERR: (ThinkException) 无法加载模块:Favicon
[ 2014-01-19T21:18:33+08:00 ] ERR: (ThinkException) 无法加载模块:Favicon
[ 2014-01-19T21:18:36+08:00 ] ERR: (ThinkException) 无法加载模块:Favicon
[ 2014-01-19T21:18:36+08:00 ] ERR: (ThinkException) 无法加载模块:Favicon
[ 2014-01-19T21:18:37+08:00 ] ERR: (ThinkException) 无法加载模块:Favicon
[ 2014-01-19T21:18:38+08:00 ] ERR: (ThinkException) 无法加载模块:Favicon
[ 2014-01-19T21:18:40+08:00 ] ERR: (ThinkException) 无法加载模块:Favicon
[ 2014-01-19T21:18:41+08:00 ] ERR: (ThinkException) 无法加载模块:Favicon
[ 2014-01-19T21:19:19+08:00 ] ERR: (ThinkException) 无法加载模块:Favicon
[ 2014-01-19T21:21:07+08:00 ] ERR: (ThinkException) 无法加载模块:Favicon
[ 2014-01-19T21:21:07+08:00 ] ERR: (ThinkException) 无法加载模块:Favicon
[ 2014-01-19T21:21:08+08:00 ] ERR: (ThinkException) 无法加载模块:Favicon
[ 2014-01-19T21:21:20+08:00 ] ERR: (ThinkException) 无法加载模块:Favicon
[ 2014-01-19T21:22:39+08:00 ] ERR: (ThinkException) 无法加载模块:Favicon
[ 2014-01-19T21:23:03+08:00 ] ERR: (ThinkException) 无法加载模块:Favicon
[ 2014-01-19T21:23:24+08:00 ] ERR: (ThinkException) 无法加载模块:Favicon
[ 2014-01-19T21:23:27+08:00 ] ERR: (ThinkException) 无法加载模块:Favicon
[ 2014-01-19T21:23:27+08:00 ] ERR: (ThinkException) 无法加载模块:Favicon
[ 2014-01-19T21:23:27+08:00 ] ERR: (ThinkException) 无法加载模块:Favicon
[ 2014-01-19T21:23:28+08:00 ] ERR: (ThinkException) 无法加载模块:Favicon
[ 2014-01-19T21:23:28+08:00 ] ERR: (ThinkException) 无法加载模块:Favicon
[ 2014-01-19T21:23:29+08:00 ] ERR: (ThinkException) 无法加载模块:Favicon
[ 2014-01-19T21:23:29+08:00 ] ERR: (ThinkException) 无法加载模块:Favicon
[ 2014-01-19T21:23:30+08:00 ] ERR: (ThinkException) 无法加载模块:Favicon
[ 2014-01-19T21:26:38+08:00 ] ERR: (ThinkException) 无法加载模块:Favicon
[ 2014-01-19T21:26:52+08:00 ] ERR: (ThinkException) 无法加载模块:Favicon
[ 2014-01-19T21:26:52+08:00 ] ERR: (ThinkException) 无法加载模块:Favicon
[ 2014-01-19T21:26:52+08:00 ] ERR: (ThinkException) 无法加载模块:Favicon
[ 2014-01-19T21:26:52+08:00 ] ERR: (ThinkException) 无法加载模块:Favicon
[ 2014-01-19T21:27:02+08:00 ] ERR: (ThinkException) 无法加载模块:Favicon
[ 2014-01-19T21:27:02+08:00 ] ERR: (ThinkException) 无法加载模块:Favicon
[ 2014-01-19T21:27:02+08:00 ] ERR: (ThinkException) 无法加载模块:Favicon
[ 2014-01-19T21:27:10+08:00 ] ERR: (ThinkException) 无法加载模块:Favicon
[ 2014-01-19T21:27:11+08:00 ] ERR: (ThinkException) 无法加载模块:Favicon
[ 2014-01-19T21:27:15+08:00 ] ERR: (ThinkException) 无法加载模块:Favicon
[ 2014-01-19T21:27:15+08:00 ] ERR: (ThinkException) 无法加载模块:Favicon
[ 2014-01-19T21:27:15+08:00 ] ERR: (ThinkException) 无法加载模块:Favicon
[ 2014-01-19T21:27:15+08:00 ] ERR: (ThinkException) 无法加载模块:Favicon
[ 2014-01-19T21:27:23+08:00 ] ERR: (ThinkException) 无法加载模块:Favicon
[ 2014-01-19T21:31:06+08:00 ] 0.0.0.0 /detail/Nine-West-Women-s-Austin-Pump_B004UJ6YAM
INFO: [ route_check ] --START--
INFO: Run CheckRoute Behavior [ RunTime:0.000427s ]
INFO: [ route_check ] --END-- [ RunTime:0.000477s ]
INFO: [ app_begin ] --START--
INFO: Run ReadHtmlCache Behavior [ RunTime:0.000227s ]
INFO: [ app_begin ] --END-- [ RunTime:0.000262s ]
SQL: PRAGMA table_info (keyword)  [ RunTime:0.000197s ]
SQL: SELECT * FROM keyword ORDER BY RANDOM() LIMIT 20 [ RunTime:0.002742s ]
INFO: [ view_template ] --START--
INFO: Run LocationTemplate Behavior [ RunTime:0.000393s ]
INFO: [ view_template ] --END-- [ RunTime:0.000465s ]
INFO: [ view_parse ] --START--
INFO: Run ParseTemplate Behavior [ RunTime:0.010063s ]
INFO: [ view_parse ] --END-- [ RunTime:0.010146s ]
INFO: [ view_filter ] --START--
INFO: Run ContentReplace Behavior [ RunTime:0.000361s ]
INFO: Run TokenBuild Behavior [ RunTime:0.000270s ]
INFO: Run WriteHtmlCache Behavior [ RunTime:0.000199s ]
INFO: Run ShowRuntime Behavior [ RunTime:0.000367s ]
INFO: [ view_filter ] --END-- [ RunTime:0.001385s ]
INFO: [ view_end ] --START--
INFO: Run ShowPageTrace Behavior [ RunTime:0.000332s ]
INFO: [ view_end ] --END-- [ RunTime:0.000367s ]

[ 2014-01-19T21:31:10+08:00 ] 0.0.0.0 /detail/Qupid-Psyche-46-Round-Toe-Platform-Ankle-Cuff-Pump---Leopard-Satin_B00GI4PBZ6
INFO: [ route_check ] --START--
INFO: Run CheckRoute Behavior [ RunTime:0.000596s ]
INFO: [ route_check ] --END-- [ RunTime:0.000677s ]
INFO: [ app_begin ] --START--
INFO: Run ReadHtmlCache Behavior [ RunTime:0.000304s ]
INFO: [ app_begin ] --END-- [ RunTime:0.000349s ]
SQL: PRAGMA table_info (keyword)  [ RunTime:0.000287s ]
SQL: SELECT * FROM keyword ORDER BY RANDOM() LIMIT 20 [ RunTime:0.001974s ]
INFO: [ view_template ] --START--
INFO: Run LocationTemplate Behavior [ RunTime:0.000212s ]
INFO: [ view_template ] --END-- [ RunTime:0.000250s ]
INFO: [ view_parse ] --START--
INFO: Run ParseTemplate Behavior [ RunTime:0.019215s ]
INFO: [ view_parse ] --END-- [ RunTime:0.019288s ]
INFO: [ view_filter ] --START--
INFO: Run ContentReplace Behavior [ RunTime:0.000370s ]
INFO: Run TokenBuild Behavior [ RunTime:0.000275s ]
INFO: Run WriteHtmlCache Behavior [ RunTime:0.000165s ]
INFO: Run ShowRuntime Behavior [ RunTime:0.000356s ]
INFO: [ view_filter ] --END-- [ RunTime:0.001335s ]
INFO: [ view_end ] --START--
INFO: Run ShowPageTrace Behavior [ RunTime:0.000467s ]
INFO: [ view_end ] --END-- [ RunTime:0.000527s ]

[ 2014-01-19T21:31:28+08:00 ] 0.0.0.0 /
INFO: [ app_begin ] --START--
INFO: Run ReadHtmlCache Behavior [ RunTime:0.000287s ]
INFO: [ app_begin ] --END-- [ RunTime:0.000395s ]
SQL: PRAGMA table_info (keyword)  [ RunTime:0.000359s ]
SQL: SELECT * FROM keyword ORDER BY RANDOM() LIMIT 20 [ RunTime:0.002043s ]
INFO: [ view_template ] --START--
INFO: Run LocationTemplate Behavior [ RunTime:0.000232s ]
INFO: [ view_template ] --END-- [ RunTime:0.000290s ]
INFO: [ view_parse ] --START--
INFO: Run ParseTemplate Behavior [ RunTime:0.011185s ]
INFO: [ view_parse ] --END-- [ RunTime:0.011259s ]
INFO: [ view_filter ] --START--
INFO: Run ContentReplace Behavior [ RunTime:0.000326s ]
INFO: Run TokenBuild Behavior [ RunTime:0.000236s ]
INFO: Run WriteHtmlCache Behavior [ RunTime:0.000136s ]
INFO: Run ShowRuntime Behavior [ RunTime:0.000238s ]
INFO: [ view_filter ] --END-- [ RunTime:0.001047s ]
INFO: [ view_end ] --START--
INFO: Run ShowPageTrace Behavior [ RunTime:0.000341s ]
INFO: [ view_end ] --END-- [ RunTime:0.000384s ]

[ 2014-01-19T21:31:32+08:00 ] 0.0.0.0 /category/chanel-black-pumps
INFO: [ route_check ] --START--
INFO: Run CheckRoute Behavior [ RunTime:0.000471s ]
INFO: [ route_check ] --END-- [ RunTime:0.000526s ]
INFO: [ app_begin ] --START--
INFO: Run ReadHtmlCache Behavior [ RunTime:0.000228s ]
INFO: [ app_begin ] --END-- [ RunTime:0.000262s ]
SQL: PRAGMA table_info (keyword)  [ RunTime:0.000215s ]
SQL: select word from keyword WHERE word MATCH 'chanel black pumps' LIMIT 1,8 [ RunTime:0.000630s ]
SQL: SELECT * FROM keyword ORDER BY RANDOM() LIMIT 8 [ RunTime:0.001764s ]
SQL: SELECT * FROM keyword ORDER BY RANDOM() LIMIT 20 [ RunTime:0.001597s ]
INFO: [ view_template ] --START--
INFO: Run LocationTemplate Behavior [ RunTime:0.000202s ]
INFO: [ view_template ] --END-- [ RunTime:0.000238s ]
INFO: [ view_parse ] --START--
INFO: Run ParseTemplate Behavior [ RunTime:0.009034s ]
INFO: [ view_parse ] --END-- [ RunTime:0.009099s ]
INFO: [ view_filter ] --START--
INFO: Run ContentReplace Behavior [ RunTime:0.000255s ]
INFO: Run TokenBuild Behavior [ RunTime:0.000198s ]
INFO: Run WriteHtmlCache Behavior [ RunTime:0.000113s ]
INFO: Run ShowRuntime Behavior [ RunTime:0.000256s ]
INFO: [ view_filter ] --END-- [ RunTime:0.000943s ]
INFO: [ view_end ] --START--
INFO: Run ShowPageTrace Behavior [ RunTime:0.000277s ]
INFO: [ view_end ] --END-- [ RunTime:0.000311s ]

[ 2014-01-19T21:31:32+08:00 ] ERR: (ThinkException) 无法加载模块:Favicon
[ 2014-01-19T21:31:32+08:00 ] ERR: (ThinkException) 无法加载模块:Favicon
[ 2014-01-19T21:31:32+08:00 ] ERR: (ThinkException) 无法加载模块:Favicon
[ 2014-01-19T21:31:32+08:00 ] ERR: (ThinkException) 无法加载模块:Favicon
[ 2014-01-19T21:31:32+08:00 ] ERR: (ThinkException) 无法加载模块:Favicon
[ 2014-01-19T21:31:37+08:00 ] 0.0.0.0 /detail/Nine-West-Women-s-Flax-Pump_B004MXP06U
INFO: [ route_check ] --START--
INFO: Run CheckRoute Behavior [ RunTime:0.000697s ]
INFO: [ route_check ] --END-- [ RunTime:0.000787s ]
INFO: [ app_begin ] --START--
INFO: Run ReadHtmlCache Behavior [ RunTime:0.000374s ]
INFO: [ app_begin ] --END-- [ RunTime:0.000430s ]
SQL: PRAGMA table_info (keyword)  [ RunTime:0.000194s ]
SQL: SELECT * FROM keyword ORDER BY RANDOM() LIMIT 20 [ RunTime:0.001881s ]
INFO: [ view_template ] --START--
INFO: Run LocationTemplate Behavior [ RunTime:0.000199s ]
INFO: [ view_template ] --END-- [ RunTime:0.000239s ]
INFO: [ view_parse ] --START--
INFO: Run ParseTemplate Behavior [ RunTime:0.008893s ]
INFO: [ view_parse ] --END-- [ RunTime:0.008945s ]
INFO: [ view_filter ] --START--
INFO: Run ContentReplace Behavior [ RunTime:0.000201s ]
INFO: Run TokenBuild Behavior [ RunTime:0.000173s ]
INFO: Run WriteHtmlCache Behavior [ RunTime:0.000109s ]
INFO: Run ShowRuntime Behavior [ RunTime:0.000204s ]
INFO: [ view_filter ] --END-- [ RunTime:0.000787s ]
INFO: [ view_end ] --START--
INFO: Run ShowPageTrace Behavior [ RunTime:0.000265s ]
INFO: [ view_end ] --END-- [ RunTime:0.000296s ]

[ 2014-01-19T21:31:37+08:00 ] ERR: (ThinkException) 无法加载模块:Favicon
[ 2014-01-19T21:31:37+08:00 ] ERR: (ThinkException) 无法加载模块:Favicon
[ 2014-01-19T21:31:41+08:00 ] ERR: (ThinkException) 无法加载模块:Favicon
[ 2014-01-19T21:31:41+08:00 ] ERR: (ThinkException) 无法加载模块:Favicon
[ 2014-01-19T21:52:40+08:00 ] ERR: (ThinkException) 无法加载模块:Favicon
[ 2014-01-19T21:52:57+08:00 ] ERR: (ThinkException) 无法加载模块:Favicon
[ 2014-01-19T21:54:02+08:00 ] ERR: (ThinkException) 无法加载模块:Favicon
[ 2014-01-19T22:01:32+08:00 ] ERR: (ThinkException) 无法加载模块:Favicon
[ 2014-01-19T22:02:13+08:00 ] 0.0.0.0 /cache
INFO: [ route_check ] --START--
INFO: Run CheckRoute Behavior [ RunTime:0.000450s ]
INFO: [ route_check ] --END-- [ RunTime:0.000501s ]
INFO: [ app_begin ] --START--
INFO: Run ReadHtmlCache Behavior [ RunTime:0.000227s ]
INFO: [ app_begin ] --END-- [ RunTime:0.000262s ]
NOTIC: [2] rmdir(./app/Html/category) [<a href='function.rmdir'>function.rmdir</a>]: Directory not empty /Applications/MAMP/htdocs/app/Lib/Action/IndexAction.class.php 第 312 行.
NOTIC: [2] unlink(./app/Html/category) [<a href='function.unlink'>function.unlink</a>]: Operation not permitted /Applications/MAMP/htdocs/app/Lib/Action/IndexAction.class.php 第 314 行.

[ 2014-01-19T22:02:13+08:00 ] ERR: (ThinkException) 无法加载模块:Favicon
[ 2014-01-19T22:03:03+08:00 ] 0.0.0.0 /cache
INFO: [ route_check ] --START--
INFO: Run CheckRoute Behavior [ RunTime:0.000496s ]
INFO: [ route_check ] --END-- [ RunTime:0.000549s ]
INFO: [ app_begin ] --START--
INFO: Run ReadHtmlCache Behavior [ RunTime:0.000238s ]
INFO: [ app_begin ] --END-- [ RunTime:0.000271s ]
NOTIC: [2] rmdir(./app/Html/category) [<a href='function.rmdir'>function.rmdir</a>]: Directory not empty /Applications/MAMP/htdocs/app/Lib/Action/IndexAction.class.php 第 312 行.
NOTIC: [2] unlink(./app/Html/category) [<a href='function.unlink'>function.unlink</a>]: Operation not permitted /Applications/MAMP/htdocs/app/Lib/Action/IndexAction.class.php 第 314 行.

[ 2014-01-19T22:03:04+08:00 ] ERR: (ThinkException) 无法加载模块:Favicon
[ 2014-01-19T22:03:04+08:00 ] 0.0.0.0 /cache
INFO: [ route_check ] --START--
INFO: Run CheckRoute Behavior [ RunTime:0.000436s ]
INFO: [ route_check ] --END-- [ RunTime:0.000491s ]
INFO: [ app_begin ] --START--
INFO: Run ReadHtmlCache Behavior [ RunTime:0.000346s ]
INFO: [ app_begin ] --END-- [ RunTime:0.000385s ]
NOTIC: [2] rmdir(./app/Html/category) [<a href='function.rmdir'>function.rmdir</a>]: Directory not empty /Applications/MAMP/htdocs/app/Lib/Action/IndexAction.class.php 第 312 行.
NOTIC: [2] unlink(./app/Html/category) [<a href='function.unlink'>function.unlink</a>]: Operation not permitted /Applications/MAMP/htdocs/app/Lib/Action/IndexAction.class.php 第 314 行.

[ 2014-01-19T22:03:05+08:00 ] ERR: (ThinkException) 无法加载模块:Favicon
[ 2014-01-19T22:03:37+08:00 ] 0.0.0.0 /cache
INFO: [ route_check ] --START--
INFO: Run CheckRoute Behavior [ RunTime:0.000496s ]
INFO: [ route_check ] --END-- [ RunTime:0.000622s ]
INFO: [ app_begin ] --START--
INFO: Run ReadHtmlCache Behavior [ RunTime:0.000472s ]
INFO: [ app_begin ] --END-- [ RunTime:0.000552s ]
NOTIC: [2] opendir(/app/Html/) [<a href='function.opendir'>function.opendir</a>]: failed to open dir: No such file or directory /Applications/MAMP/htdocs/app/Lib/Action/IndexAction.class.php 第 304 行.

[ 2014-01-19T22:03:37+08:00 ] ERR: (ThinkException) 无法加载模块:Favicon
[ 2014-01-19T22:04:47+08:00 ] 0.0.0.0 /cache
INFO: [ route_check ] --START--
INFO: Run CheckRoute Behavior [ RunTime:0.000415s ]
INFO: [ route_check ] --END-- [ RunTime:0.000467s ]
INFO: [ app_begin ] --START--
INFO: Run ReadHtmlCache Behavior [ RunTime:0.000226s ]
INFO: [ app_begin ] --END-- [ RunTime:0.000260s ]
NOTIC: [2] rmdir(app/Html/category) [<a href='function.rmdir'>function.rmdir</a>]: Directory not empty /Applications/MAMP/htdocs/app/Lib/Action/IndexAction.class.php 第 312 行.
NOTIC: [2] unlink(app/Html/category) [<a href='function.unlink'>function.unlink</a>]: Operation not permitted /Applications/MAMP/htdocs/app/Lib/Action/IndexAction.class.php 第 314 行.

[ 2014-01-19T22:04:47+08:00 ] ERR: (ThinkException) 无法加载模块:Favicon
[ 2014-01-19T22:05:54+08:00 ] 0.0.0.0 /cache
INFO: [ route_check ] --START--
INFO: Run CheckRoute Behavior [ RunTime:0.000416s ]
INFO: [ route_check ] --END-- [ RunTime:0.000472s ]
INFO: [ app_begin ] --START--
INFO: Run ReadHtmlCache Behavior [ RunTime:0.000261s ]
INFO: [ app_begin ] --END-- [ RunTime:0.000299s ]
NOTIC: [2] rmdir(app/Html/category) [<a href='function.rmdir'>function.rmdir</a>]: Directory not empty /Applications/MAMP/htdocs/app/Lib/Action/IndexAction.class.php 第 312 行.
NOTIC: [2] unlink(app/Html/category) [<a href='function.unlink'>function.unlink</a>]: Operation not permitted /Applications/MAMP/htdocs/app/Lib/Action/IndexAction.class.php 第 314 行.

[ 2014-01-19T22:05:55+08:00 ] ERR: (ThinkException) 无法加载模块:Favicon
[ 2014-01-19T22:05:55+08:00 ] 0.0.0.0 /cache
INFO: [ route_check ] --START--
INFO: Run CheckRoute Behavior [ RunTime:0.000451s ]
INFO: [ route_check ] --END-- [ RunTime:0.000507s ]
INFO: [ app_begin ] --START--
INFO: Run ReadHtmlCache Behavior [ RunTime:0.000232s ]
INFO: [ app_begin ] --END-- [ RunTime:0.000266s ]
NOTIC: [2] rmdir(app/Html/category) [<a href='function.rmdir'>function.rmdir</a>]: Directory not empty /Applications/MAMP/htdocs/app/Lib/Action/IndexAction.class.php 第 312 行.
NOTIC: [2] unlink(app/Html/category) [<a href='function.unlink'>function.unlink</a>]: Operation not permitted /Applications/MAMP/htdocs/app/Lib/Action/IndexAction.class.php 第 314 行.

[ 2014-01-19T22:05:56+08:00 ] ERR: (ThinkException) 无法加载模块:Favicon
[ 2014-01-19T22:09:04+08:00 ] 0.0.0.0 /cache
INFO: [ route_check ] --START--
INFO: Run CheckRoute Behavior [ RunTime:0.000410s ]
INFO: [ route_check ] --END-- [ RunTime:0.000461s ]
INFO: [ app_begin ] --START--
INFO: Run ReadHtmlCache Behavior [ RunTime:0.000231s ]
INFO: [ app_begin ] --END-- [ RunTime:0.000264s ]
NOTIC: [2] rmdir(app/Html/category) [<a href='function.rmdir'>function.rmdir</a>]: Directory not empty /Applications/MAMP/htdocs/app/Lib/Action/IndexAction.class.php 第 312 行.
NOTIC: [2] unlink(app/Html/category) [<a href='function.unlink'>function.unlink</a>]: Operation not permitted /Applications/MAMP/htdocs/app/Lib/Action/IndexAction.class.php 第 314 行.

[ 2014-01-19T22:09:04+08:00 ] ERR: (ThinkException) 无法加载模块:Favicon
[ 2014-01-19T22:10:35+08:00 ] 0.0.0.0 /cache
INFO: [ route_check ] --START--
INFO: Run CheckRoute Behavior [ RunTime:0.000664s ]
INFO: [ route_check ] --END-- [ RunTime:0.000740s ]
INFO: [ app_begin ] --START--
INFO: Run ReadHtmlCache Behavior [ RunTime:0.000266s ]
INFO: [ app_begin ] --END-- [ RunTime:0.000305s ]
NOTIC: [2] rmdir(app/Html/category) [<a href='function.rmdir'>function.rmdir</a>]: Directory not empty /Applications/MAMP/htdocs/app/Lib/Action/IndexAction.class.php 第 312 行.
NOTIC: [2] unlink(app/Html/category) [<a href='function.unlink'>function.unlink</a>]: Operation not permitted /Applications/MAMP/htdocs/app/Lib/Action/IndexAction.class.php 第 314 行.

[ 2014-01-19T22:10:35+08:00 ] ERR: (ThinkException) 无法加载模块:Favicon
[ 2014-01-19T22:11:32+08:00 ] 0.0.0.0 /cache
INFO: [ route_check ] --START--
INFO: Run CheckRoute Behavior [ RunTime:0.000414s ]
INFO: [ route_check ] --END-- [ RunTime:0.000464s ]
INFO: [ app_begin ] --START--
INFO: Run ReadHtmlCache Behavior [ RunTime:0.000222s ]
INFO: [ app_begin ] --END-- [ RunTime:0.000257s ]
NOTIC: [2] opendir(/Applications/MAMP/htdocsapp/Html) [<a href='function.opendir'>function.opendir</a>]: failed to open dir: No such file or directory /Applications/MAMP/htdocs/app/Lib/Action/IndexAction.class.php 第 304 行.

[ 2014-01-19T22:11:32+08:00 ] ERR: (ThinkException) 无法加载模块:Favicon
[ 2014-01-19T22:12:02+08:00 ] 0.0.0.0 /cache
INFO: [ route_check ] --START--
INFO: Run CheckRoute Behavior [ RunTime:0.000480s ]
INFO: [ route_check ] --END-- [ RunTime:0.000551s ]
INFO: [ app_begin ] --START--
INFO: Run ReadHtmlCache Behavior [ RunTime:0.000276s ]
INFO: [ app_begin ] --END-- [ RunTime:0.000324s ]
NOTIC: [2] rmdir(/Applications/MAMP/htdocs/app/Html/category) [<a href='function.rmdir'>function.rmdir</a>]: Directory not empty /Applications/MAMP/htdocs/app/Lib/Action/IndexAction.class.php 第 312 行.
NOTIC: [2] unlink(/Applications/MAMP/htdocs/app/Html/category) [<a href='function.unlink'>function.unlink</a>]: Operation not permitted /Applications/MAMP/htdocs/app/Lib/Action/IndexAction.class.php 第 314 行.

[ 2014-01-19T22:12:02+08:00 ] ERR: (ThinkException) 无法加载模块:Favicon
[ 2014-01-19T22:13:05+08:00 ] 0.0.0.0 /cache
INFO: [ route_check ] --START--
INFO: Run CheckRoute Behavior [ RunTime:0.000731s ]
INFO: [ route_check ] --END-- [ RunTime:0.000800s ]
INFO: [ app_begin ] --START--
INFO: Run ReadHtmlCache Behavior [ RunTime:0.000242s ]
INFO: [ app_begin ] --END-- [ RunTime:0.000277s ]
NOTIC: [2] rmdir(/Applications/MAMP/htdocs/app/Html/category) [<a href='function.rmdir'>function.rmdir</a>]: Directory not empty /Applications/MAMP/htdocs/app/Lib/Action/IndexAction.class.php 第 312 行.
NOTIC: [2] unlink(/Applications/MAMP/htdocs/app/Html/category) [<a href='function.unlink'>function.unlink</a>]: Operation not permitted /Applications/MAMP/htdocs/app/Lib/Action/IndexAction.class.php 第 314 行.

[ 2014-01-19T22:13:05+08:00 ] ERR: (ThinkException) 无法加载模块:Favicon
[ 2014-01-19T22:13:33+08:00 ] 0.0.0.0 /cache
INFO: [ route_check ] --START--
INFO: Run CheckRoute Behavior [ RunTime:0.000430s ]
INFO: [ route_check ] --END-- [ RunTime:0.000484s ]
INFO: [ app_begin ] --START--
INFO: Run ReadHtmlCache Behavior [ RunTime:0.000242s ]
INFO: [ app_begin ] --END-- [ RunTime:0.000278s ]
NOTIC: [2] rmdir(/Applications/MAMP/htdocs/app/Html/category) [<a href='function.rmdir'>function.rmdir</a>]: Directory not empty /Applications/MAMP/htdocs/app/Lib/Action/IndexAction.class.php 第 312 行.
NOTIC: [2] unlink(/Applications/MAMP/htdocs/app/Html/category) [<a href='function.unlink'>function.unlink</a>]: Operation not permitted /Applications/MAMP/htdocs/app/Lib/Action/IndexAction.class.php 第 314 行.

[ 2014-01-19T22:13:33+08:00 ] ERR: (ThinkException) 无法加载模块:Favicon
[ 2014-01-19T22:14:13+08:00 ] ERR: (ThinkException) 无法加载模块:Favicon
[ 2014-01-19T22:14:45+08:00 ] 0.0.0.0 /
INFO: [ app_begin ] --START--
INFO: Run ReadHtmlCache Behavior [ RunTime:0.000241s ]
INFO: [ app_begin ] --END-- [ RunTime:0.000291s ]
SQL: PRAGMA table_info (keyword)  [ RunTime:0.000323s ]
SQL: SELECT * FROM keyword ORDER BY RANDOM() LIMIT 20 [ RunTime:0.036780s ]
INFO: [ view_template ] --START--
INFO: Run LocationTemplate Behavior [ RunTime:0.000349s ]
INFO: [ view_template ] --END-- [ RunTime:0.000394s ]
INFO: [ view_parse ] --START--
INFO: Run ParseTemplate Behavior [ RunTime:0.008805s ]
INFO: [ view_parse ] --END-- [ RunTime:0.008859s ]
INFO: [ view_filter ] --START--
INFO: Run ContentReplace Behavior [ RunTime:0.000335s ]
INFO: Run TokenBuild Behavior [ RunTime:0.000189s ]
INFO: Run WriteHtmlCache Behavior [ RunTime:0.000117s ]
INFO: Run ShowRuntime Behavior [ RunTime:0.000219s ]
INFO: [ view_filter ] --END-- [ RunTime:0.000960s ]
INFO: [ view_end ] --START--
INFO: Run ShowPageTrace Behavior [ RunTime:0.000303s ]
INFO: [ view_end ] --END-- [ RunTime:0.000336s ]

[ 2014-01-19T22:14:47+08:00 ] ERR: (ThinkException) 无法加载模块:Favicon
[ 2014-01-19T22:18:29+08:00 ] ERR: (ThinkException) 无法加载模块:Favicon
[ 2014-01-19T22:18:46+08:00 ] 0.0.0.0 /cache
INFO: [ route_check ] --START--
INFO: Run CheckRoute Behavior [ RunTime:0.000457s ]
INFO: [ route_check ] --END-- [ RunTime:0.000523s ]
INFO: [ app_begin ] --START--
INFO: Run ReadHtmlCache Behavior [ RunTime:0.000244s ]
INFO: [ app_begin ] --END-- [ RunTime:0.000288s ]

[ 2014-01-19T22:18:47+08:00 ] ERR: (ThinkException) 无法加载模块:Favicon
[ 2014-01-19T22:18:59+08:00 ] 0.0.0.0 /cache
INFO: [ route_check ] --START--
INFO: Run CheckRoute Behavior [ RunTime:0.000437s ]
INFO: [ route_check ] --END-- [ RunTime:0.000488s ]
INFO: [ app_begin ] --START--
INFO: Run ReadHtmlCache Behavior [ RunTime:0.000227s ]
INFO: [ app_begin ] --END-- [ RunTime:0.000261s ]

[ 2014-01-19T22:18:59+08:00 ] ERR: (ThinkException) 无法加载模块:Favicon
[ 2014-01-19T22:19:21+08:00 ] 0.0.0.0 /cache
INFO: [ route_check ] --START--
INFO: Run CheckRoute Behavior [ RunTime:0.000412s ]
INFO: [ route_check ] --END-- [ RunTime:0.000464s ]
INFO: [ app_begin ] --START--
INFO: Run ReadHtmlCache Behavior [ RunTime:0.000231s ]
INFO: [ app_begin ] --END-- [ RunTime:0.000265s ]

[ 2014-01-19T22:19:21+08:00 ] ERR: (ThinkException) 无法加载模块:Favicon
[ 2014-01-19T22:20:04+08:00 ] 0.0.0.0 /cache
INFO: [ route_check ] --START--
INFO: Run CheckRoute Behavior [ RunTime:0.000562s ]
INFO: [ route_check ] --END-- [ RunTime:0.000628s ]
INFO: [ app_begin ] --START--
INFO: Run ReadHtmlCache Behavior [ RunTime:0.000320s ]
INFO: [ app_begin ] --END-- [ RunTime:0.000375s ]

[ 2014-01-19T22:20:04+08:00 ] ERR: (ThinkException) 无法加载模块:Favicon
[ 2014-01-19T22:23:06+08:00 ] 0.0.0.0 /cache
INFO: [ route_check ] --START--
INFO: Run CheckRoute Behavior [ RunTime:0.000494s ]
INFO: [ route_check ] --END-- [ RunTime:0.000545s ]
INFO: [ app_begin ] --START--
INFO: Run ReadHtmlCache Behavior [ RunTime:0.000240s ]
INFO: [ app_begin ] --END-- [ RunTime:0.000275s ]

[ 2014-01-19T22:23:06+08:00 ] ERR: (ThinkException) 无法加载模块:Favicon
[ 2014-01-19T22:40:51+08:00 ] 0.0.0.0 /cache
INFO: [ route_check ] --START--
INFO: Run CheckRoute Behavior [ RunTime:0.000407s ]
INFO: [ route_check ] --END-- [ RunTime:0.000457s ]
INFO: [ app_begin ] --START--
INFO: Run ReadHtmlCache Behavior [ RunTime:0.000262s ]
INFO: [ app_begin ] --END-- [ RunTime:0.000325s ]

[ 2014-01-19T22:40:52+08:00 ] ERR: (ThinkException) 无法加载模块:Favicon
[ 2014-01-19T22:41:09+08:00 ] 0.0.0.0 /cache
INFO: [ route_check ] --START--
INFO: Run CheckRoute Behavior [ RunTime:0.000695s ]
INFO: [ route_check ] --END-- [ RunTime:0.000781s ]
INFO: [ app_begin ] --START--
INFO: Run ReadHtmlCache Behavior [ RunTime:0.000417s ]
INFO: [ app_begin ] --END-- [ RunTime:0.000480s ]

[ 2014-01-19T22:41:09+08:00 ] ERR: (ThinkException) 无法加载模块:Favicon
[ 2014-01-19T22:41:09+08:00 ] 0.0.0.0 /cache
INFO: [ route_check ] --START--
INFO: Run CheckRoute Behavior [ RunTime:0.000585s ]
INFO: [ route_check ] --END-- [ RunTime:0.000670s ]
INFO: [ app_begin ] --START--
INFO: Run ReadHtmlCache Behavior [ RunTime:0.000325s ]
INFO: [ app_begin ] --END-- [ RunTime:0.000365s ]

[ 2014-01-19T22:41:10+08:00 ] ERR: (ThinkException) 无法加载模块:Favicon
[ 2014-01-19T22:41:10+08:00 ] 0.0.0.0 /cache
INFO: [ route_check ] --START--
INFO: Run CheckRoute Behavior [ RunTime:0.000394s ]
INFO: [ route_check ] --END-- [ RunTime:0.000444s ]
INFO: [ app_begin ] --START--
INFO: Run ReadHtmlCache Behavior [ RunTime:0.000221s ]
INFO: [ app_begin ] --END-- [ RunTime:0.000255s ]

[ 2014-01-19T22:41:10+08:00 ] ERR: (ThinkException) 无法加载模块:Favicon
[ 2014-01-19T22:41:10+08:00 ] 0.0.0.0 /cache
INFO: [ route_check ] --START--
INFO: Run CheckRoute Behavior [ RunTime:0.000399s ]
INFO: [ route_check ] --END-- [ RunTime:0.000451s ]
INFO: [ app_begin ] --START--
INFO: Run ReadHtmlCache Behavior [ RunTime:0.000224s ]
INFO: [ app_begin ] --END-- [ RunTime:0.000257s ]

[ 2014-01-19T22:41:10+08:00 ] 0.0.0.0 /cache
INFO: [ route_check ] --START--
INFO: Run CheckRoute Behavior [ RunTime:0.000437s ]
INFO: [ route_check ] --END-- [ RunTime:0.000504s ]
INFO: [ app_begin ] --START--
INFO: Run ReadHtmlCache Behavior [ RunTime:0.000223s ]
INFO: [ app_begin ] --END-- [ RunTime:0.000256s ]

[ 2014-01-19T22:41:10+08:00 ] ERR: (ThinkException) 无法加载模块:Favicon
[ 2014-01-19T22:41:10+08:00 ] ERR: (ThinkException) 无法加载模块:Favicon
[ 2014-01-19T22:41:35+08:00 ] 0.0.0.0 /cache
INFO: [ route_check ] --START--
INFO: Run CheckRoute Behavior [ RunTime:0.000662s ]
INFO: [ route_check ] --END-- [ RunTime:0.000738s ]
INFO: [ app_begin ] --START--
INFO: Run ReadHtmlCache Behavior [ RunTime:0.000431s ]
INFO: [ app_begin ] --END-- [ RunTime:0.000481s ]

[ 2014-01-19T22:41:35+08:00 ] ERR: (ThinkException) 无法加载模块:Favicon
[ 2014-01-19T22:41:35+08:00 ] 0.0.0.0 /cache
INFO: [ route_check ] --START--
INFO: Run CheckRoute Behavior [ RunTime:0.000611s ]
INFO: [ route_check ] --END-- [ RunTime:0.000682s ]
INFO: [ app_begin ] --START--
INFO: Run ReadHtmlCache Behavior [ RunTime:0.000288s ]
INFO: [ app_begin ] --END-- [ RunTime:0.000328s ]

[ 2014-01-19T22:41:35+08:00 ] ERR: (ThinkException) 无法加载模块:Favicon
[ 2014-01-19T22:41:35+08:00 ] 0.0.0.0 /cache
INFO: [ route_check ] --START--
INFO: Run CheckRoute Behavior [ RunTime:0.000425s ]
INFO: [ route_check ] --END-- [ RunTime:0.000478s ]
INFO: [ app_begin ] --START--
INFO: Run ReadHtmlCache Behavior [ RunTime:0.000231s ]
INFO: [ app_begin ] --END-- [ RunTime:0.000265s ]

[ 2014-01-19T22:41:36+08:00 ] ERR: (ThinkException) 无法加载模块:Favicon
[ 2014-01-19T22:41:36+08:00 ] 0.0.0.0 /cache
INFO: [ route_check ] --START--
INFO: Run CheckRoute Behavior [ RunTime:0.000505s ]
INFO: [ route_check ] --END-- [ RunTime:0.000555s ]
INFO: [ app_begin ] --START--
INFO: Run ReadHtmlCache Behavior [ RunTime:0.000226s ]
INFO: [ app_begin ] --END-- [ RunTime:0.000266s ]

[ 2014-01-19T22:41:36+08:00 ] ERR: (ThinkException) 无法加载模块:Favicon
[ 2014-01-19T22:41:36+08:00 ] 0.0.0.0 /cache
INFO: [ route_check ] --START--
INFO: Run CheckRoute Behavior [ RunTime:0.000533s ]
INFO: [ route_check ] --END-- [ RunTime:0.000600s ]
INFO: [ app_begin ] --START--
INFO: Run ReadHtmlCache Behavior [ RunTime:0.000234s ]
INFO: [ app_begin ] --END-- [ RunTime:0.000269s ]

[ 2014-01-19T22:41:36+08:00 ] ERR: (ThinkException) 无法加载模块:Favicon
[ 2014-01-19T22:42:19+08:00 ] 0.0.0.0 /cache
INFO: [ route_check ] --START--
INFO: Run CheckRoute Behavior [ RunTime:0.000446s ]
INFO: [ route_check ] --END-- [ RunTime:0.000499s ]
INFO: [ app_begin ] --START--
INFO: Run ReadHtmlCache Behavior [ RunTime:0.000341s ]
INFO: [ app_begin ] --END-- [ RunTime:0.000398s ]

[ 2014-01-19T22:42:19+08:00 ] ERR: (ThinkException) 无法加载模块:Favicon
[ 2014-01-19T22:42:32+08:00 ] 0.0.0.0 /cache
INFO: [ route_check ] --START--
INFO: Run CheckRoute Behavior [ RunTime:0.000414s ]
INFO: [ route_check ] --END-- [ RunTime:0.000464s ]
INFO: [ app_begin ] --START--
INFO: Run ReadHtmlCache Behavior [ RunTime:0.000226s ]
INFO: [ app_begin ] --END-- [ RunTime:0.000260s ]

[ 2014-01-19T22:42:32+08:00 ] ERR: (ThinkException) 无法加载模块:Favicon
[ 2014-01-19T22:43:13+08:00 ] 0.0.0.0 /cache
INFO: [ route_check ] --START--
INFO: Run CheckRoute Behavior [ RunTime:0.000405s ]
INFO: [ route_check ] --END-- [ RunTime:0.000455s ]
INFO: [ app_begin ] --START--
INFO: Run ReadHtmlCache Behavior [ RunTime:0.000327s ]
INFO: [ app_begin ] --END-- [ RunTime:0.000362s ]

[ 2014-01-19T22:43:13+08:00 ] ERR: (ThinkException) 无法加载模块:Favicon
[ 2014-01-19T22:43:18+08:00 ] 0.0.0.0 /cache
INFO: [ route_check ] --START--
INFO: Run CheckRoute Behavior [ RunTime:0.000514s ]
INFO: [ route_check ] --END-- [ RunTime:0.000576s ]
INFO: [ app_begin ] --START--
INFO: Run ReadHtmlCache Behavior [ RunTime:0.000234s ]
INFO: [ app_begin ] --END-- [ RunTime:0.000268s ]

[ 2014-01-19T22:43:18+08:00 ] ERR: (ThinkException) 无法加载模块:Favicon
[ 2014-01-19T22:43:18+08:00 ] 0.0.0.0 /cache
INFO: [ route_check ] --START--
INFO: Run CheckRoute Behavior [ RunTime:0.000393s ]
INFO: [ route_check ] --END-- [ RunTime:0.000443s ]
INFO: [ app_begin ] --START--
INFO: Run ReadHtmlCache Behavior [ RunTime:0.000223s ]
INFO: [ app_begin ] --END-- [ RunTime:0.000257s ]

[ 2014-01-19T22:43:18+08:00 ] ERR: (ThinkException) 无法加载模块:Favicon
[ 2014-01-19T22:43:18+08:00 ] 0.0.0.0 /cache
INFO: [ route_check ] --START--
INFO: Run CheckRoute Behavior [ RunTime:0.000415s ]
INFO: [ route_check ] --END-- [ RunTime:0.000476s ]
INFO: [ app_begin ] --START--
INFO: Run ReadHtmlCache Behavior [ RunTime:0.000223s ]
INFO: [ app_begin ] --END-- [ RunTime:0.000257s ]

[ 2014-01-19T22:43:19+08:00 ] ERR: (ThinkException) 无法加载模块:Favicon
[ 2014-01-19T22:43:19+08:00 ] 0.0.0.0 /cache
INFO: [ route_check ] --START--
INFO: Run CheckRoute Behavior [ RunTime:0.000465s ]
INFO: [ route_check ] --END-- [ RunTime:0.000522s ]
INFO: [ app_begin ] --START--
INFO: Run ReadHtmlCache Behavior [ RunTime:0.000251s ]
INFO: [ app_begin ] --END-- [ RunTime:0.000288s ]

[ 2014-01-19T22:43:19+08:00 ] ERR: (ThinkException) 无法加载模块:Favicon
[ 2014-01-19T22:43:19+08:00 ] 0.0.0.0 /cache
INFO: [ route_check ] --START--
INFO: Run CheckRoute Behavior [ RunTime:0.000538s ]
INFO: [ route_check ] --END-- [ RunTime:0.000609s ]
INFO: [ app_begin ] --START--
INFO: Run ReadHtmlCache Behavior [ RunTime:0.000307s ]
INFO: [ app_begin ] --END-- [ RunTime:0.000352s ]

[ 2014-01-19T22:43:19+08:00 ] ERR: (ThinkException) 无法加载模块:Favicon
[ 2014-01-19T22:43:19+08:00 ] 0.0.0.0 /cache
INFO: [ route_check ] --START--
INFO: Run CheckRoute Behavior [ RunTime:0.000646s ]
INFO: [ route_check ] --END-- [ RunTime:0.000724s ]
INFO: [ app_begin ] --START--
INFO: Run ReadHtmlCache Behavior [ RunTime:0.000271s ]
INFO: [ app_begin ] --END-- [ RunTime:0.000308s ]

[ 2014-01-19T22:43:19+08:00 ] ERR: (ThinkException) 无法加载模块:Favicon
[ 2014-01-19T22:43:54+08:00 ] ERR: (ThinkException) 无法加载模块:Favicon
[ 2014-01-19T22:44:06+08:00 ] ERR: (ThinkException) 无法加载模块:Favicon
[ 2014-01-19T22:44:18+08:00 ] 0.0.0.0 /cache
INFO: [ route_check ] --START--
INFO: Run CheckRoute Behavior [ RunTime:0.000424s ]
INFO: [ route_check ] --END-- [ RunTime:0.000478s ]
INFO: [ app_begin ] --START--
INFO: Run ReadHtmlCache Behavior [ RunTime:0.000226s ]
INFO: [ app_begin ] --END-- [ RunTime:0.000259s ]

[ 2014-01-19T22:44:18+08:00 ] ERR: (ThinkException) 无法加载模块:Favicon
[ 2014-01-19T22:44:38+08:00 ] 0.0.0.0 /cache
INFO: [ route_check ] --START--
INFO: Run CheckRoute Behavior [ RunTime:0.000523s ]
INFO: [ route_check ] --END-- [ RunTime:0.000588s ]
INFO: [ app_begin ] --START--
INFO: Run ReadHtmlCache Behavior [ RunTime:0.000246s ]
INFO: [ app_begin ] --END-- [ RunTime:0.000291s ]

[ 2014-01-19T22:44:39+08:00 ] ERR: (ThinkException) 无法加载模块:Favicon
[ 2014-01-19T22:44:41+08:00 ] 0.0.0.0 /cache
INFO: [ route_check ] --START--
INFO: Run CheckRoute Behavior [ RunTime:0.000571s ]
INFO: [ route_check ] --END-- [ RunTime:0.000628s ]
INFO: [ app_begin ] --START--
INFO: Run ReadHtmlCache Behavior [ RunTime:0.000271s ]
INFO: [ app_begin ] --END-- [ RunTime:0.000304s ]

[ 2014-01-19T22:44:42+08:00 ] ERR: (ThinkException) 无法加载模块:Favicon
[ 2014-01-19T22:45:41+08:00 ] 0.0.0.0 /cache
INFO: [ route_check ] --START--
INFO: Run CheckRoute Behavior [ RunTime:0.000400s ]
INFO: [ route_check ] --END-- [ RunTime:0.000449s ]
INFO: [ app_begin ] --START--
INFO: Run ReadHtmlCache Behavior [ RunTime:0.000311s ]
INFO: [ app_begin ] --END-- [ RunTime:0.000359s ]

[ 2014-01-19T22:45:42+08:00 ] ERR: (ThinkException) 无法加载模块:Favicon
[ 2014-01-19T22:46:56+08:00 ] 0.0.0.0 /cache
INFO: [ route_check ] --START--
INFO: Run CheckRoute Behavior [ RunTime:0.000453s ]
INFO: [ route_check ] --END-- [ RunTime:0.000504s ]
INFO: [ app_begin ] --START--
INFO: Run ReadHtmlCache Behavior [ RunTime:0.000229s ]
INFO: [ app_begin ] --END-- [ RunTime:0.000264s ]

[ 2014-01-19T22:46:57+08:00 ] ERR: (ThinkException) 无法加载模块:Favicon
[ 2014-01-19T22:47:08+08:00 ] 0.0.0.0 /cache
INFO: [ route_check ] --START--
INFO: Run CheckRoute Behavior [ RunTime:0.000459s ]
INFO: [ route_check ] --END-- [ RunTime:0.000515s ]
INFO: [ app_begin ] --START--
INFO: Run ReadHtmlCache Behavior [ RunTime:0.000232s ]
INFO: [ app_begin ] --END-- [ RunTime:0.000278s ]

[ 2014-01-19T22:47:08+08:00 ] ERR: (ThinkException) 无法加载模块:Favicon
[ 2014-01-19T22:47:22+08:00 ] 0.0.0.0 /cache
INFO: [ route_check ] --START--
INFO: Run CheckRoute Behavior [ RunTime:0.000402s ]
INFO: [ route_check ] --END-- [ RunTime:0.000452s ]
INFO: [ app_begin ] --START--
INFO: Run ReadHtmlCache Behavior [ RunTime:0.000225s ]
INFO: [ app_begin ] --END-- [ RunTime:0.000258s ]

[ 2014-01-19T22:47:22+08:00 ] ERR: (ThinkException) 无法加载模块:Favicon
[ 2014-01-19T22:47:23+08:00 ] 0.0.0.0 /cache
INFO: [ route_check ] --START--
INFO: Run CheckRoute Behavior [ RunTime:0.000395s ]
INFO: [ route_check ] --END-- [ RunTime:0.000444s ]
INFO: [ app_begin ] --START--
INFO: Run ReadHtmlCache Behavior [ RunTime:0.000223s ]
INFO: [ app_begin ] --END-- [ RunTime:0.000256s ]

[ 2014-01-19T22:47:23+08:00 ] ERR: (ThinkException) 无法加载模块:Favicon
[ 2014-01-19T22:47:32+08:00 ] ERR: (ThinkException) 无法加载模块:Favicon
[ 2014-01-19T22:47:49+08:00 ] 0.0.0.0 /cache
INFO: [ route_check ] --START--
INFO: Run CheckRoute Behavior [ RunTime:0.000560s ]
INFO: [ route_check ] --END-- [ RunTime:0.000644s ]
INFO: [ app_begin ] --START--
INFO: Run ReadHtmlCache Behavior [ RunTime:0.000356s ]
INFO: [ app_begin ] --END-- [ RunTime:0.000408s ]

[ 2014-01-19T22:47:49+08:00 ] ERR: (ThinkException) 无法加载模块:Favicon
[ 2014-01-19T22:54:24+08:00 ] ERR: (ThinkException) 无法加载模块:Favicon
[ 2014-01-19T22:54:35+08:00 ] 0.0.0.0 /cache
INFO: [ route_check ] --START--
INFO: Run CheckRoute Behavior [ RunTime:0.000942s ]
INFO: [ route_check ] --END-- [ RunTime:0.001037s ]
INFO: [ app_begin ] --START--
INFO: Run ReadHtmlCache Behavior [ RunTime:0.000415s ]
INFO: [ app_begin ] --END-- [ RunTime:0.000468s ]
NOTIC: [2] unlink(/Applications/MAMP/htdocs/app/Html/category) [<a href='function.unlink'>function.unlink</a>]: No such file or directory /Applications/MAMP/htdocs/app/Lib/Action/IndexAction.class.php 第 312 行.

[ 2014-01-19T22:54:36+08:00 ] ERR: (ThinkException) 无法加载模块:Favicon
[ 2014-01-19T22:55:23+08:00 ] 0.0.0.0 /cache
INFO: [ route_check ] --START--
INFO: Run CheckRoute Behavior [ RunTime:0.000524s ]
INFO: [ route_check ] --END-- [ RunTime:0.000586s ]
INFO: [ app_begin ] --START--
INFO: Run ReadHtmlCache Behavior [ RunTime:0.000253s ]
INFO: [ app_begin ] --END-- [ RunTime:0.000291s ]

[ 2014-01-19T22:55:23+08:00 ] ERR: (ThinkException) 无法加载模块:Favicon
[ 2014-01-19T22:55:39+08:00 ] 0.0.0.0 /cache
INFO: [ route_check ] --START--
INFO: Run CheckRoute Behavior [ RunTime:0.000401s ]
INFO: [ route_check ] --END-- [ RunTime:0.000450s ]
INFO: [ app_begin ] --START--
INFO: Run ReadHtmlCache Behavior [ RunTime:0.000223s ]
INFO: [ app_begin ] --END-- [ RunTime:0.000257s ]
NOTIC: [2] unlink(/Applications/MAMP/htdocs/app/Html/Runtime/Cache) [<a href='function.unlink'>function.unlink</a>]: No such file or directory /Applications/MAMP/htdocs/app/Lib/Action/IndexAction.class.php 第 312 行.
NOTIC: [2] unlink(/Applications/MAMP/htdocs/app/Html/Runtime/Data) [<a href='function.unlink'>function.unlink</a>]: No such file or directory /Applications/MAMP/htdocs/app/Lib/Action/IndexAction.class.php 第 312 行.
NOTIC: [2] unlink(/Applications/MAMP/htdocs/app/Html/Runtime/Logs) [<a href='function.unlink'>function.unlink</a>]: No such file or directory /Applications/MAMP/htdocs/app/Lib/Action/IndexAction.class.php 第 312 行.
NOTIC: [2] unlink(/Applications/MAMP/htdocs/app/Html/Runtime/Temp) [<a href='function.unlink'>function.unlink</a>]: No such file or directory /Applications/MAMP/htdocs/app/Lib/Action/IndexAction.class.php 第 312 行.
NOTIC: [2] unlink(/Applications/MAMP/htdocs/app/Html/Runtime) [<a href='function.unlink'>function.unlink</a>]: No such file or directory /Applications/MAMP/htdocs/app/Lib/Action/IndexAction.class.php 第 312 行.
NOTIC: [2] unlink(/Applications/MAMP/htdocs/app/Html/Tpl/Index) [<a href='function.unlink'>function.unlink</a>]: No such file or directory /Applications/MAMP/htdocs/app/Lib/Action/IndexAction.class.php 第 312 行.
NOTIC: [2] unlink(/Applications/MAMP/htdocs/app/Html/Tpl) [<a href='function.unlink'>function.unlink</a>]: No such file or directory /Applications/MAMP/htdocs/app/Lib/Action/IndexAction.class.php 第 312 行.

[ 2014-01-19T22:55:39+08:00 ] ERR: (ThinkException) 无法加载模块:Favicon
[ 2014-01-19T22:58:53+08:00 ] 0.0.0.0 /cache
INFO: [ route_check ] --START--
INFO: Run CheckRoute Behavior [ RunTime:0.000402s ]
INFO: [ route_check ] --END-- [ RunTime:0.000451s ]
INFO: [ app_begin ] --START--
INFO: Run ReadHtmlCache Behavior [ RunTime:0.000224s ]
INFO: [ app_begin ] --END-- [ RunTime:0.000258s ]

[ 2014-01-19T22:58:53+08:00 ] ERR: (ThinkException) 无法加载模块:Favicon
[ 2014-01-19T22:58:54+08:00 ] 0.0.0.0 /cache
INFO: [ route_check ] --START--
INFO: Run CheckRoute Behavior [ RunTime:0.000402s ]
INFO: [ route_check ] --END-- [ RunTime:0.000454s ]
INFO: [ app_begin ] --START--
INFO: Run ReadHtmlCache Behavior [ RunTime:0.000224s ]
INFO: [ app_begin ] --END-- [ RunTime:0.000257s ]

[ 2014-01-19T22:58:54+08:00 ] ERR: (ThinkException) 无法加载模块:Favicon
[ 2014-01-19T22:58:54+08:00 ] 0.0.0.0 /cache
INFO: [ route_check ] --START--
INFO: Run CheckRoute Behavior [ RunTime:0.000706s ]
INFO: [ route_check ] --END-- [ RunTime:0.000797s ]
INFO: [ app_begin ] --START--
INFO: Run ReadHtmlCache Behavior [ RunTime:0.000373s ]
INFO: [ app_begin ] --END-- [ RunTime:0.000430s ]

[ 2014-01-19T22:58:54+08:00 ] ERR: (ThinkException) 无法加载模块:Favicon
[ 2014-01-19T22:58:54+08:00 ] 0.0.0.0 /cache
INFO: [ route_check ] --START--
INFO: Run CheckRoute Behavior [ RunTime:0.000567s ]
INFO: [ route_check ] --END-- [ RunTime:0.000633s ]
INFO: [ app_begin ] --START--
INFO: Run ReadHtmlCache Behavior [ RunTime:0.000400s ]
INFO: [ app_begin ] --END-- [ RunTime:0.000468s ]

[ 2014-01-19T22:58:54+08:00 ] ERR: (ThinkException) 无法加载模块:Favicon
[ 2014-01-19T22:59:12+08:00 ] 0.0.0.0 /cache
INFO: [ route_check ] --START--
INFO: Run CheckRoute Behavior [ RunTime:0.000451s ]
INFO: [ route_check ] --END-- [ RunTime:0.000507s ]
INFO: [ app_begin ] --START--
INFO: Run ReadHtmlCache Behavior [ RunTime:0.000393s ]
INFO: [ app_begin ] --END-- [ RunTime:0.000464s ]

[ 2014-01-19T22:59:12+08:00 ] ERR: (ThinkException) 无法加载模块:Favicon
[ 2014-01-19T22:59:25+08:00 ] 0.0.0.0 /cache
INFO: [ route_check ] --START--
INFO: Run CheckRoute Behavior [ RunTime:0.000419s ]
INFO: [ route_check ] --END-- [ RunTime:0.000481s ]
INFO: [ app_begin ] --START--
INFO: Run ReadHtmlCache Behavior [ RunTime:0.000299s ]
INFO: [ app_begin ] --END-- [ RunTime:0.000343s ]
NOTIC: [2] unlink(/Applications/MAMP/htdocs/app/Html/Runtime/Cache) [<a href='function.unlink'>function.unlink</a>]: No such file or directory /Applications/MAMP/htdocs/app/Lib/Action/IndexAction.class.php 第 312 行.
NOTIC: [2] unlink(/Applications/MAMP/htdocs/app/Html/Runtime/Data) [<a href='function.unlink'>function.unlink</a>]: No such file or directory /Applications/MAMP/htdocs/app/Lib/Action/IndexAction.class.php 第 312 行.
NOTIC: [2] unlink(/Applications/MAMP/htdocs/app/Html/Runtime/Logs) [<a href='function.unlink'>function.unlink</a>]: No such file or directory /Applications/MAMP/htdocs/app/Lib/Action/IndexAction.class.php 第 312 行.
NOTIC: [2] unlink(/Applications/MAMP/htdocs/app/Html/Runtime/Temp) [<a href='function.unlink'>function.unlink</a>]: No such file or directory /Applications/MAMP/htdocs/app/Lib/Action/IndexAction.class.php 第 312 行.
NOTIC: [2] unlink(/Applications/MAMP/htdocs/app/Html/Runtime) [<a href='function.unlink'>function.unlink</a>]: No such file or directory /Applications/MAMP/htdocs/app/Lib/Action/IndexAction.class.php 第 312 行.

[ 2014-01-19T22:59:25+08:00 ] ERR: (ThinkException) 无法加载模块:Favicon
[ 2014-01-19T23:03:09+08:00 ] 0.0.0.0 /cache
INFO: [ route_check ] --START--
INFO: Run CheckRoute Behavior [ RunTime:0.000402s ]
INFO: [ route_check ] --END-- [ RunTime:0.000453s ]
INFO: [ app_begin ] --START--
INFO: Run ReadHtmlCache Behavior [ RunTime:0.000257s ]
INFO: [ app_begin ] --END-- [ RunTime:0.000305s ]

[ 2014-01-19T23:03:10+08:00 ] ERR: (ThinkException) 无法加载模块:Favicon
[ 2014-01-19T23:03:20+08:00 ] 0.0.0.0 /cache
INFO: [ route_check ] --START--
INFO: Run CheckRoute Behavior [ RunTime:0.000405s ]
INFO: [ route_check ] --END-- [ RunTime:0.000455s ]
INFO: [ app_begin ] --START--
INFO: Run ReadHtmlCache Behavior [ RunTime:0.000251s ]
INFO: [ app_begin ] --END-- [ RunTime:0.000308s ]
NOTIC: [2] unlink(/Applications/MAMP/htdocs/app/Html/untitled folder) [<a href='function.unlink'>function.unlink</a>]: No such file or directory /Applications/MAMP/htdocs/app/Lib/Action/IndexAction.class.php 第 79 行.

[ 2014-01-19T23:03:20+08:00 ] ERR: (ThinkException) 无法加载模块:Favicon
[ 2014-01-19T23:22:44+08:00 ] 0.0.0.0 /cache
INFO: [ route_check ] --START--
INFO: Run CheckRoute Behavior [ RunTime:0.001076s ]
INFO: [ route_check ] --END-- [ RunTime:0.001143s ]
INFO: [ app_begin ] --START--
INFO: Run ReadHtmlCache Behavior [ RunTime:0.007250s ]
INFO: [ app_begin ] --END-- [ RunTime:0.007346s ]

[ 2014-01-19T23:22:44+08:00 ] ERR: (ThinkException) 无法加载模块:Favicon
[ 2014-01-19T23:23:01+08:00 ] 0.0.0.0 /detail/Nine-West-Women-s-Counter-W-Boot_B00CN4NPGW
INFO: [ route_check ] --START--
INFO: Run CheckRoute Behavior [ RunTime:0.000485s ]
INFO: [ route_check ] --END-- [ RunTime:0.000537s ]
INFO: [ app_begin ] --START--
INFO: Run ReadHtmlCache Behavior [ RunTime:0.000229s ]
INFO: [ app_begin ] --END-- [ RunTime:0.000263s ]
SQL: PRAGMA table_info (keyword)  [ RunTime:0.000260s ]
SQL: SELECT * FROM keyword ORDER BY RANDOM() LIMIT 20 [ RunTime:0.005678s ]
INFO: [ view_template ] --START--
INFO: Run LocationTemplate Behavior [ RunTime:0.019223s ]
INFO: [ view_template ] --END-- [ RunTime:0.019321s ]
INFO: [ view_parse ] --START--
INFO: Run ParseTemplate Behavior [ RunTime:0.116285s ]
INFO: [ view_parse ] --END-- [ RunTime:0.116350s ]
INFO: [ view_filter ] --START--
INFO: Run ContentReplace Behavior [ RunTime:0.033072s ]
INFO: Run TokenBuild Behavior [ RunTime:0.000759s ]
INFO: Run WriteHtmlCache Behavior [ RunTime:0.000575s ]
INFO: Run ShowRuntime Behavior [ RunTime:0.000563s ]
INFO: [ view_filter ] --END-- [ RunTime:0.035205s ]
INFO: [ view_end ] --START--
INFO: Run ShowPageTrace Behavior [ RunTime:0.005455s ]
INFO: [ view_end ] --END-- [ RunTime:0.005528s ]

[ 2014-01-19T23:23:16+08:00 ] ERR: (ThinkException) 无法加载模块:Favicon
[ 2014-01-19T23:23:16+08:00 ] ERR: (ThinkException) 无法加载模块:Favicon
[ 2014-01-19T23:23:16+08:00 ] ERR: (ThinkException) 无法加载模块:Favicon
[ 2014-01-19T23:24:19+08:00 ] ERR: (ThinkException) 无法加载模块:Favicon
[ 2014-01-19T23:24:33+08:00 ] 0.0.0.0 /category/Nine%20West
INFO: [ route_check ] --START--
INFO: Run CheckRoute Behavior [ RunTime:0.000407s ]
INFO: [ route_check ] --END-- [ RunTime:0.000466s ]
INFO: [ app_begin ] --START--
INFO: Run ReadHtmlCache Behavior [ RunTime:0.000243s ]
INFO: [ app_begin ] --END-- [ RunTime:0.000281s ]
SQL: PRAGMA table_info (keyword)  [ RunTime:0.000199s ]
SQL: select word from keyword WHERE word MATCH 'Nine West' LIMIT 1,8 [ RunTime:0.036746s ]
SQL: SELECT * FROM keyword ORDER BY RANDOM() LIMIT 8 [ RunTime:0.001895s ]
SQL: SELECT * FROM keyword ORDER BY RANDOM() LIMIT 20 [ RunTime:0.001685s ]
INFO: [ view_template ] --START--
INFO: Run LocationTemplate Behavior [ RunTime:0.000279s ]
INFO: [ view_template ] --END-- [ RunTime:0.000320s ]
INFO: [ view_parse ] --START--
INFO: Run ParseTemplate Behavior [ RunTime:0.021395s ]
INFO: [ view_parse ] --END-- [ RunTime:0.021467s ]
INFO: [ view_filter ] --START--
INFO: Run ContentReplace Behavior [ RunTime:0.000244s ]
INFO: Run TokenBuild Behavior [ RunTime:0.000182s ]
INFO: Run WriteHtmlCache Behavior [ RunTime:0.000129s ]
INFO: Run ShowRuntime Behavior [ RunTime:0.000236s ]
INFO: [ view_filter ] --END-- [ RunTime:0.000899s ]
INFO: [ view_end ] --START--
INFO: Run ShowPageTrace Behavior [ RunTime:0.000304s ]
INFO: [ view_end ] --END-- [ RunTime:0.000343s ]

[ 2014-01-19T23:24:41+08:00 ] 0.0.0.0 /category/hi-heels
INFO: [ route_check ] --START--
INFO: Run CheckRoute Behavior [ RunTime:0.000644s ]
INFO: [ route_check ] --END-- [ RunTime:0.000744s ]
INFO: [ app_begin ] --START--
INFO: Run ReadHtmlCache Behavior [ RunTime:0.000274s ]
INFO: [ app_begin ] --END-- [ RunTime:0.000311s ]
SQL: PRAGMA table_info (keyword)  [ RunTime:0.000321s ]
SQL: select word from keyword WHERE word MATCH 'hi heels' LIMIT 1,8 [ RunTime:0.000738s ]
SQL: SELECT * FROM keyword ORDER BY RANDOM() LIMIT 8 [ RunTime:0.003785s ]
SQL: SELECT * FROM keyword ORDER BY RANDOM() LIMIT 20 [ RunTime:0.001635s ]
INFO: [ view_template ] --START--
INFO: Run LocationTemplate Behavior [ RunTime:0.000258s ]
INFO: [ view_template ] --END-- [ RunTime:0.000298s ]
INFO: [ view_parse ] --START--
INFO: Run ParseTemplate Behavior [ RunTime:0.009741s ]
INFO: [ view_parse ] --END-- [ RunTime:0.009803s ]
INFO: [ view_filter ] --START--
INFO: Run ContentReplace Behavior [ RunTime:0.000243s ]
INFO: Run TokenBuild Behavior [ RunTime:0.000175s ]
INFO: Run WriteHtmlCache Behavior [ RunTime:0.000111s ]
INFO: Run ShowRuntime Behavior [ RunTime:0.000237s ]
INFO: [ view_filter ] --END-- [ RunTime:0.000879s ]
INFO: [ view_end ] --START--
INFO: Run ShowPageTrace Behavior [ RunTime:0.000276s ]
INFO: [ view_end ] --END-- [ RunTime:0.000321s ]

[ 2014-01-19T23:24:41+08:00 ] ERR: (ThinkException) 无法加载模块:Favicon
[ 2014-01-19T23:24:48+08:00 ] 0.0.0.0 /category/Nine%20West
INFO: [ route_check ] --START--
INFO: Run CheckRoute Behavior [ RunTime:0.000670s ]
INFO: [ route_check ] --END-- [ RunTime:0.000751s ]
INFO: [ app_begin ] --START--
INFO: Run ReadHtmlCache Behavior [ RunTime:0.000467s ]
INFO: [ app_begin ] --END-- [ RunTime:0.000535s ]
SQL: PRAGMA table_info (keyword)  [ RunTime:0.000200s ]
SQL: select word from keyword WHERE word MATCH 'Nine West' LIMIT 1,8 [ RunTime:0.000530s ]
SQL: SELECT * FROM keyword ORDER BY RANDOM() LIMIT 8 [ RunTime:0.002051s ]
SQL: SELECT * FROM keyword ORDER BY RANDOM() LIMIT 20 [ RunTime:0.002000s ]
INFO: [ view_template ] --START--
INFO: Run LocationTemplate Behavior [ RunTime:0.000260s ]
INFO: [ view_template ] --END-- [ RunTime:0.000310s ]
INFO: [ view_parse ] --START--
INFO: Run ParseTemplate Behavior [ RunTime:0.008103s ]
INFO: [ view_parse ] --END-- [ RunTime:0.008173s ]
INFO: [ view_filter ] --START--
INFO: Run ContentReplace Behavior [ RunTime:0.000375s ]
INFO: Run TokenBuild Behavior [ RunTime:0.000296s ]
INFO: Run WriteHtmlCache Behavior [ RunTime:0.000186s ]
INFO: Run ShowRuntime Behavior [ RunTime:0.000287s ]
INFO: [ view_filter ] --END-- [ RunTime:0.001300s ]
INFO: [ view_end ] --START--
INFO: Run ShowPageTrace Behavior [ RunTime:0.000321s ]
INFO: [ view_end ] --END-- [ RunTime:0.000365s ]

[ 2014-01-19T23:25:02+08:00 ] 0.0.0.0 /
INFO: [ app_begin ] --START--
INFO: Run ReadHtmlCache Behavior [ RunTime:0.000430s ]
INFO: [ app_begin ] --END-- [ RunTime:0.000500s ]
SQL: PRAGMA table_info (keyword)  [ RunTime:0.000219s ]
SQL: SELECT * FROM keyword ORDER BY RANDOM() LIMIT 20 [ RunTime:0.001964s ]
INFO: [ view_template ] --START--
INFO: Run LocationTemplate Behavior [ RunTime:0.000323s ]
INFO: [ view_template ] --END-- [ RunTime:0.000372s ]
INFO: [ view_parse ] --START--
INFO: Run ParseTemplate Behavior [ RunTime:0.037140s ]
INFO: [ view_parse ] --END-- [ RunTime:0.037199s ]
INFO: [ view_filter ] --START--
INFO: Run ContentReplace Behavior [ RunTime:0.000230s ]
INFO: Run TokenBuild Behavior [ RunTime:0.000178s ]
INFO: Run WriteHtmlCache Behavior [ RunTime:0.000111s ]
INFO: Run ShowRuntime Behavior [ RunTime:0.000201s ]
INFO: [ view_filter ] --END-- [ RunTime:0.000814s ]
INFO: [ view_end ] --START--
INFO: Run ShowPageTrace Behavior [ RunTime:0.000271s ]
INFO: [ view_end ] --END-- [ RunTime:0.000303s ]

[ 2014-01-19T23:25:10+08:00 ] 0.0.0.0 /category/hi-heels
INFO: [ route_check ] --START--
INFO: Run CheckRoute Behavior [ RunTime:0.000967s ]
INFO: [ route_check ] --END-- [ RunTime:0.001063s ]
INFO: [ app_begin ] --START--
INFO: Run ReadHtmlCache Behavior [ RunTime:0.000660s ]
INFO: [ app_begin ] --END-- [ RunTime:0.000774s ]
SQL: PRAGMA table_info (keyword)  [ RunTime:0.000317s ]
SQL: select word from keyword WHERE word MATCH 'hi heels' LIMIT 1,8 [ RunTime:0.000773s ]
SQL: SELECT * FROM keyword ORDER BY RANDOM() LIMIT 8 [ RunTime:0.002262s ]
SQL: SELECT * FROM keyword ORDER BY RANDOM() LIMIT 20 [ RunTime:0.002824s ]
INFO: [ view_template ] --START--
INFO: Run LocationTemplate Behavior [ RunTime:0.000406s ]
INFO: [ view_template ] --END-- [ RunTime:0.000492s ]
INFO: [ view_parse ] --START--
INFO: Run ParseTemplate Behavior [ RunTime:0.009466s ]
INFO: [ view_parse ] --END-- [ RunTime:0.009546s ]
INFO: [ view_filter ] --START--
INFO: Run ContentReplace Behavior [ RunTime:0.000337s ]
INFO: Run TokenBuild Behavior [ RunTime:0.000256s ]
INFO: Run WriteHtmlCache Behavior [ RunTime:0.000131s ]
INFO: Run ShowRuntime Behavior [ RunTime:0.000238s ]
INFO: [ view_filter ] --END-- [ RunTime:0.001095s ]
INFO: [ view_end ] --START--
INFO: Run ShowPageTrace Behavior [ RunTime:0.000306s ]
INFO: [ view_end ] --END-- [ RunTime:0.000344s ]

[ 2014-01-19T23:25:10+08:00 ] ERR: (ThinkException) 无法加载模块:Favicon
[ 2014-01-19T23:25:10+08:00 ] ERR: (ThinkException) 无法加载模块:Favicon
[ 2014-01-19T23:25:10+08:00 ] ERR: (ThinkException) 无法加载模块:Favicon
[ 2014-01-19T23:25:10+08:00 ] ERR: (ThinkException) 无法加载模块:Favicon
[ 2014-01-19T23:25:22+08:00 ] 0.0.0.0 /category/Nine%20West
INFO: [ route_check ] --START--
INFO: Run CheckRoute Behavior [ RunTime:0.000664s ]
INFO: [ route_check ] --END-- [ RunTime:0.000738s ]
INFO: [ app_begin ] --START--
INFO: Run ReadHtmlCache Behavior [ RunTime:0.000385s ]
INFO: [ app_begin ] --END-- [ RunTime:0.000442s ]
SQL: PRAGMA table_info (keyword)  [ RunTime:0.000320s ]
SQL: select word from keyword WHERE word MATCH 'Nine West' LIMIT 1,8 [ RunTime:0.000838s ]
SQL: SELECT * FROM keyword ORDER BY RANDOM() LIMIT 8 [ RunTime:0.002348s ]
SQL: SELECT * FROM keyword ORDER BY RANDOM() LIMIT 20 [ RunTime:0.003059s ]
INFO: [ view_template ] --START--
INFO: Run LocationTemplate Behavior [ RunTime:0.000318s ]
INFO: [ view_template ] --END-- [ RunTime:0.000383s ]
INFO: [ view_parse ] --START--
INFO: Run ParseTemplate Behavior [ RunTime:0.009050s ]
INFO: [ view_parse ] --END-- [ RunTime:0.009116s ]
INFO: [ view_filter ] --START--
INFO: Run ContentReplace Behavior [ RunTime:0.000255s ]
INFO: Run TokenBuild Behavior [ RunTime:0.000240s ]
INFO: Run WriteHtmlCache Behavior [ RunTime:0.000117s ]
INFO: Run ShowRuntime Behavior [ RunTime:0.000230s ]
INFO: [ view_filter ] --END-- [ RunTime:0.000950s ]
INFO: [ view_end ] --START--
INFO: Run ShowPageTrace Behavior [ RunTime:0.000310s ]
INFO: [ view_end ] --END-- [ RunTime:0.000355s ]

[ 2014-01-19T23:25:22+08:00 ] ERR: (ThinkException) 无法加载模块:Favicon
